Arguments: 
  C:\Program Files\nodejs\node.exe C:\Program Files\nodejs\node_modules\yarn\bin\yarn.js add --dev @iconify/vue

PATH: 
  C:\Program Files (x86)\Common Files\Oracle\Java\javapath;C:\WINDOWS\system32;C:\WINDOWS;C:\WINDOWS\System32\Wbem;C:\WINDOWS\System32\WindowsPowerShell\v1.0\;C:\WINDOWS\System32\OpenSSH\;C:\Program Files\Git\cmd;C:\Users\goome100\AppData\Roaming\nvm;C:\Program Files\nodejs;C:\Program Files\TortoiseSVN\bin;D:\mysql-5.7.35-winx64\bin;C:\Users\goome100\AppData\Local\Programs\Python\Python39\Scripts\;C:\Users\goome100\AppData\Local\Programs\Python\Python39\;C:\Users\goome100\AppData\Local\Microsoft\WindowsApps;C:\Users\goome100\AppData\Roaming\nvm;C:\Program Files\nodejs;C:\Users\goome100\AppData\Local\Programs\Microsoft VS Code\bin;

Yarn version: 
  1.22.17

Node version: 
  16.10.0

Platform: 
  win32 x64

Trace: 
  Error: EPERM: operation not permitted, unlink 'E:\weely\visual-editor\node_modules\esbuild-windows-64\esbuild.exe'

npm manifest: 
  {
    "name": "visual-editor",
    "version": "0.0.0",
    "scripts": {
      "dev": "vite",
      "build": "vue-tsc --noEmit && vite build",
      "serve": "vite preview"
    },
    "dependencies": {
      "element-plus": "^1.2.0-beta.5",
      "lodash": "^4.17.21",
      "normalize.css": "^8.0.1",
      "nprogress": "^0.2.0",
      "pinia": "^2.0.6",
      "vue": "^3.2.16",
      "vue-router": "^4.0.12"
    },
    "devDependencies": {
      "@types/node": "^16.11.11",
      "@vitejs/plugin-vue": "^1.9.3",
      "sass": "^1.44.0",
      "sass-loader": "^12.3.0",
      "typescript": "^4.4.3",
      "unplugin-auto-import": "^0.5.1",
      "unplugin-vue-components": "^0.17.6",
      "vite": "^2.6.4",
      "vue-tsc": "^0.3.0"
    }
  }

yarn manifest: 
  No manifest

Lockfile: 
  # THIS IS AN AUTOGENERATED FILE. DO NOT EDIT THIS FILE DIRECTLY.
  # yarn lockfile v1
  
  
  "@antfu/utils@^0.3.0":
    "integrity" "sha512-UU8TLr/EoXdg7OjMp0h9oDoIAVr+Z/oW9cpOxQQyrsz6Qzd2ms/1CdWx8fl2OQdFpxGmq5Vc4TwfLHId6nAZjA=="
    "resolved" "https://registry.npmjs.org/@antfu/utils/-/utils-0.3.0.tgz"
    "version" "0.3.0"
    dependencies:
      "@types/throttle-debounce" "^2.1.0"
  
  "@babel/helper-validator-identifier@^7.15.7":
    "integrity" "sha512-K4JvCtQqad9OY2+yTU8w+E82ywk/fe+ELNlt1G8z3bVGlZfn/hOcQQsUhGhW/N+tb3fxK800wLtKOE/aM0m72w=="
    "resolved" "https://registry.npmjs.org/@babel/helper-validator-identifier/-/helper-validator-identifier-7.15.7.tgz"
    "version" "7.15.7"
  
  "@babel/parser@^7.15.0", "@babel/parser@^7.15.8", "@babel/parser@^7.6.0", "@babel/parser@^7.9.6":
    "integrity" "sha512-6V0qdPUaiVHH3RtZeLIsc+6pDhbYzHR8ogA8w+f+Wc77DuXto19g2QUwveINoS34Uw+W8/hQDGJCx+i4n7xcng=="
    "resolved" "https://registry.npmjs.org/@babel/parser/-/parser-7.16.4.tgz"
    "version" "7.16.4"
  
  "@babel/types@^7.6.1", "@babel/types@^7.9.6":
    "integrity" "sha512-PJgg/k3SdLsGb3hhisFvtLOw5ts113klrpLuIPtCJIU+BB24fqq6lf8RWqKJEjzqXR9AEH1rIb5XTqwBHB+kQg=="
    "resolved" "https://registry.npmjs.org/@babel/types/-/types-7.16.0.tgz"
    "version" "7.16.0"
    dependencies:
      "@babel/helper-validator-identifier" "^7.15.7"
      "to-fast-properties" "^2.0.0"
  
  "@element-plus/icons@^0.0.11":
    "integrity" "sha512-iKQXSxXu131Ai+I9Ymtcof9WId7kaXvB1+WRfAfpQCW7UiAMYgdNDqb/u0hgTo2Yq3MwC4MWJnNuTBEpG8r7+A=="
    "resolved" "https://registry.npmjs.org/@element-plus/icons/-/icons-0.0.11.tgz"
    "version" "0.0.11"
  
  "@emmetio/abbreviation@^2.2.2":
    "integrity" "sha512-TtE/dBnkTCct8+LntkqVrwqQao6EnPAs1YN3cUgxOxTaBlesBCY37ROUAVZrRlG64GNnVShdl/b70RfAI3w5lw=="
    "resolved" "https://registry.npmjs.org/@emmetio/abbreviation/-/abbreviation-2.2.2.tgz"
    "version" "2.2.2"
    dependencies:
      "@emmetio/scanner" "^1.0.0"
  
  "@emmetio/css-abbreviation@^2.1.4":
    "integrity" "sha512-qk9L60Y+uRtM5CPbB0y+QNl/1XKE09mSO+AhhSauIfr2YOx/ta3NJw2d8RtCFxgzHeRqFRr8jgyzThbu+MZ4Uw=="
    "resolved" "https://registry.npmjs.org/@emmetio/css-abbreviation/-/css-abbreviation-2.1.4.tgz"
    "version" "2.1.4"
    dependencies:
      "@emmetio/scanner" "^1.0.0"
  
  "@emmetio/scanner@^1.0.0":
    "integrity" "sha512-8HqW8EVqjnCmWXVpqAOZf+EGESdkR27odcMMMGefgKXtar00SoYNSryGv//TELI4T3QFsECo78p+0lmalk/CFA=="
    "resolved" "https://registry.npmjs.org/@emmetio/scanner/-/scanner-1.0.0.tgz"
    "version" "1.0.0"
  
  "@nodelib/fs.scandir@2.1.5":
    "integrity" "sha512-vq24Bq3ym5HEQm2NKCr3yXDwjc7vTsEThRDnkp2DK9p1uqLR+DHurm/NOTo0KG7HYHU7eppKZj3MyqYuMBf62g=="
    "resolved" "https://registry.npmjs.org/@nodelib/fs.scandir/-/fs.scandir-2.1.5.tgz"
    "version" "2.1.5"
    dependencies:
      "@nodelib/fs.stat" "2.0.5"
      "run-parallel" "^1.1.9"
  
  "@nodelib/fs.stat@^2.0.2", "@nodelib/fs.stat@2.0.5":
    "integrity" "sha512-RkhPPp2zrqDAQA/2jNhnztcPAlv64XdhIp7a7454A5ovI7Bukxgt7MX7udwAu3zg1DcpPU0rz3VV1SeaqvY4+A=="
    "resolved" "https://registry.npmjs.org/@nodelib/fs.stat/-/fs.stat-2.0.5.tgz"
    "version" "2.0.5"
  
  "@nodelib/fs.walk@^1.2.3":
    "integrity" "sha512-oGB+UxlgWcgQkgwo8GcEGwemoTFt3FIO9ababBmaGwXIoBKZ+GTy0pP185beGg7Llih/NSHSV2XAs1lnznocSg=="
    "resolved" "https://registry.npmjs.org/@nodelib/fs.walk/-/fs.walk-1.2.8.tgz"
    "version" "1.2.8"
    dependencies:
      "@nodelib/fs.scandir" "2.1.5"
      "fastq" "^1.6.0"
  
  "@popperjs/core@^2.10.2":
    "integrity" "sha512-zrsUxjLOKAzdewIDRWy9nsV1GQsKBCWaGwsZQlCgr6/q+vjyZhFgqedLfFBuI9anTPEUT4APq9Mu0SZBTzIcGQ=="
    "resolved" "https://registry.npmjs.org/@popperjs/core/-/core-2.11.0.tgz"
    "version" "2.11.0"
  
  "@rollup/pluginutils@^4.1.1":
    "integrity" "sha512-clDjivHqWGXi7u+0d2r2sBi4Ie6VLEAzWMIkvJLnDmxoOhBYOTfzGbOQBA32THHm11/LiJbd01tJUpJsbshSWQ=="
    "resolved" "https://registry.npmjs.org/@rollup/pluginutils/-/pluginutils-4.1.1.tgz"
    "version" "4.1.1"
    dependencies:
      "estree-walker" "^2.0.1"
      "picomatch" "^2.2.2"
  
  "@types/eslint-scope@^3.7.0":
    "integrity" "sha512-SCFeogqiptms4Fg29WpOTk5nHIzfpKCemSN63ksBQYKTcXoJEmJagV+DhVmbapZzY4/5YaOV1nZwrsU79fFm1g=="
    "resolved" "https://registry.npmjs.org/@types/eslint-scope/-/eslint-scope-3.7.1.tgz"
    "version" "3.7.1"
    dependencies:
      "@types/eslint" "*"
      "@types/estree" "*"
  
  "@types/eslint@*":
    "integrity" "sha512-UP9rzNn/XyGwb5RQ2fok+DzcIRIYwc16qTXse5+Smsy8MOIccCChT15KAwnsgQx4PzJkaMq4myFyZ4CL5TjhIQ=="
    "resolved" "https://registry.npmjs.org/@types/eslint/-/eslint-8.2.1.tgz"
    "version" "8.2.1"
    dependencies:
      "@types/estree" "*"
      "@types/json-schema" "*"
  
  "@types/estree@*", "@types/estree@^0.0.50":
    "integrity" "sha512-C6N5s2ZFtuZRj54k2/zyRhNDjJwwcViAM3Nbm8zjBpbqAdZ00mr0CFxvSKeO8Y/e03WVFLpQMdHYVfUd6SB+Hw=="
    "resolved" "https://registry.npmjs.org/@types/estree/-/estree-0.0.50.tgz"
    "version" "0.0.50"
  
  "@types/json-schema@*", "@types/json-schema@^7.0.8":
    "integrity" "sha512-qcUXuemtEu+E5wZSJHNxUXeCZhAfXKQ41D+duX+VYPde7xyEVZci+/oXKJL13tnRs9lR2pr4fod59GT6/X1/yQ=="
    "resolved" "https://registry.npmjs.org/@types/json-schema/-/json-schema-7.0.9.tgz"
    "version" "7.0.9"
  
  "@types/node@*", "@types/node@^16.11.11":
    "integrity" "sha512-KB0sixD67CeecHC33MYn+eYARkqTheIRNuu97y2XMjR7Wu3XibO1vaY6VBV6O/a89SPI81cEUIYT87UqUWlZNw=="
    "resolved" "https://registry.npmjs.org/@types/node/-/node-16.11.11.tgz"
    "version" "16.11.11"
  
  "@types/throttle-debounce@^2.1.0":
    "integrity" "sha512-5eQEtSCoESnh2FsiLTxE121IiE60hnMqcb435fShf4bpLRjEu1Eoekht23y6zXS9Ts3l+Szu3TARnTsA0GkOkQ=="
    "resolved" "https://registry.npmjs.org/@types/throttle-debounce/-/throttle-debounce-2.1.0.tgz"
    "version" "2.1.0"
  
  "@vitejs/plugin-vue@^1.9.3":
    "integrity" "sha512-oL76QETMSpVE9jIScirGB2bYJEVU/+r+g+K7oG+sXPs9TZljqveoVRsmLyXlMZTjpQkLL8gz527cW80NMGVKJg=="
    "resolved" "https://registry.npmjs.org/@vitejs/plugin-vue/-/plugin-vue-1.10.1.tgz"
    "version" "1.10.1"
  
  "@volar/code-gen@^0.27.24":
    "integrity" "sha512-s4j/QqOZUW03PeD6LmVYI00Q1C3CfJEOePDOQwDvCTUov4lFk0iSBtFyYhjlLyQ1pdtV1+TDTErkj2aMQtc4PA=="
    "resolved" "https://registry.npmjs.org/@volar/code-gen/-/code-gen-0.27.24.tgz"
    "version" "0.27.24"
    dependencies:
      "@volar/shared" "^0.27.24"
      "@volar/source-map" "^0.27.24"
  
  "@volar/html2pug@^0.27.13":
    "integrity" "sha512-3NYgNA5F3PDsKbbpOrVdGy2S7ZYmZIbFmbp1A/27DDzjj/uIC9Pj7HXVvbYOzi8HcOxUPt0BMrh4TVzBUaCFww=="
    "resolved" "https://registry.npmjs.org/@volar/html2pug/-/html2pug-0.27.13.tgz"
    "version" "0.27.13"
    dependencies:
      "domelementtype" "^2.2.0"
      "domhandler" "^4.2.0"
      "htmlparser2" "^6.1.0"
      "pug" "^3.0.2"
  
  "@volar/shared@^0.27.24":
    "integrity" "sha512-Mi8a4GQaiorfb+o4EqOXDZm9E/uBJXgScFgF+NhtcMBOUKHNMKQyLI7YRGumtyJTTdaX7nSDJjGGTkv23tcOtQ=="
    "resolved" "https://registry.npmjs.org/@volar/shared/-/shared-0.27.24.tgz"
    "version" "0.27.24"
    dependencies:
      "upath" "^2.0.1"
      "vscode-jsonrpc" "^8.0.0-next.2"
      "vscode-uri" "^3.0.2"
  
  "@volar/source-map@^0.27.24":
    "integrity" "sha512-2I5a7cXqekZ66D6lHep7ttJgvVVtPEBUIe1hnpcGbnXWNA2ya6f6jKNNyTmrXQyfkh32IEuaUd4kocR+3AKMag=="
    "resolved" "https://registry.npmjs.org/@volar/source-map/-/source-map-0.27.24.tgz"
    "version" "0.27.24"
    dependencies:
      "@volar/shared" "^0.27.24"
  
  "@volar/transforms@^0.27.24":
    "integrity" "sha512-sOHi1ZSapFlxn7yPl4MO5TXd9aWC0BVq2CgXAJ2EESb+ddh2uJbGQgLLNocX+MDh419cUuuFT2QAJpuWHhJcng=="
    "resolved" "https://registry.npmjs.org/@volar/transforms/-/transforms-0.27.24.tgz"
    "version" "0.27.24"
    dependencies:
      "@volar/shared" "^0.27.24"
      "vscode-languageserver" "^8.0.0-next.2"
  
  "@vscode/emmet-helper@^2.7.0":
    "integrity" "sha512-A/+pkBYQq2JTow1A2flfTmEOmiF780KpdkoX7VBjQ7wujeA+CFUPd17YdeIa9aim20+J5Jp7SFujPDwVFiQucQ=="
    "resolved" "https://registry.npmjs.org/@vscode/emmet-helper/-/emmet-helper-2.8.2.tgz"
    "version" "2.8.2"
    dependencies:
      "emmet" "^2.3.0"
      "jsonc-parser" "^2.3.0"
      "vscode-languageserver-textdocument" "^1.0.1"
      "vscode-languageserver-types" "^3.15.1"
      "vscode-nls" "^5.0.0"
      "vscode-uri" "^2.1.2"
  
  "@vue/compiler-core@3.2.23":
    "integrity" "sha512-4ZhiI/orx+7EJ1B+0zjgvXMV2uRN+XBfG06UN2sJfND9rH5gtEQT3QmO4erum1o6Irl7y754W8/KSaDJh4EUQg=="
    "resolved" "https://registry.npmjs.org/@vue/compiler-core/-/compiler-core-3.2.23.tgz"
    "version" "3.2.23"
    dependencies:
      "@babel/parser" "^7.15.0"
      "@vue/shared" "3.2.23"
      "estree-walker" "^2.0.2"
      "source-map" "^0.6.1"
  
  "@vue/compiler-dom@^3.2.19", "@vue/compiler-dom@3.2.23":
    "integrity" "sha512-X2Nw8QFc5lgoK3kio5ktM95nqmLUH+q+N/PbV4kCHzF1avqv/EGLnAhaaF0Iu4bewNvHJAAhhwPZFeoV/22nbw=="
    "resolved" "https://registry.npmjs.org/@vue/compiler-dom/-/compiler-dom-3.2.23.tgz"
    "version" "3.2.23"
    dependencies:
      "@vue/compiler-core" "3.2.23"
      "@vue/shared" "3.2.23"
  
  "@vue/compiler-sfc@3.2.23":
    "integrity" "sha512-Aw+pb50Q5zTjyvWod8mNKmYZDRGHJBptmNNWE+84ZxrzEztPgMz8cNYIzWGbwcFVkmJlhvioAMvKnB+LM/sjSA=="
    "resolved" "https://registry.npmjs.org/@vue/compiler-sfc/-/compiler-sfc-3.2.23.tgz"
    "version" "3.2.23"
    dependencies:
      "@babel/parser" "^7.15.0"
      "@vue/compiler-core" "3.2.23"
      "@vue/compiler-dom" "3.2.23"
      "@vue/compiler-ssr" "3.2.23"
      "@vue/ref-transform" "3.2.23"
      "@vue/shared" "3.2.23"
      "estree-walker" "^2.0.2"
      "magic-string" "^0.25.7"
      "postcss" "^8.1.10"
      "source-map" "^0.6.1"
  
  "@vue/compiler-ssr@3.2.23":
    "integrity" "sha512-Bqzn4jFyXPK1Ehqiq7e/czS8n62gtYF1Zfeu0DrR5uv+SBllh7LIvZjZU6+c8qbocAd3/T3I3gn2cZGmnDb6zg=="
    "resolved" "https://registry.npmjs.org/@vue/compiler-ssr/-/compiler-ssr-3.2.23.tgz"
    "version" "3.2.23"
    dependencies:
      "@vue/compiler-dom" "3.2.23"
      "@vue/shared" "3.2.23"
  
  "@vue/devtools-api@^6.0.0-beta.18", "@vue/devtools-api@^6.0.0-beta.20.1":
    "integrity" "sha512-R2rfiRY+kZugzWh9ZyITaovx+jpU4vgivAEAiz80kvh3yviiTU3CBuGuyWpSwGz9/C7TkSWVM/FtQRGlZ16n8Q=="
    "resolved" "https://registry.npmjs.org/@vue/devtools-api/-/devtools-api-6.0.0-beta.20.1.tgz"
    "version" "6.0.0-beta.20.1"
  
  "@vue/reactivity@^3.2.19", "@vue/reactivity@3.2.23":
    "integrity" "sha512-8RGVr/5Kpgb/EkCjgHXqttgA5IMc6n0lIXFY4TVbMkzdXrvaIhzBd7Te44oIDsTSYVKZLpfHd6/wEnuDqE8vFw=="
    "resolved" "https://registry.npmjs.org/@vue/reactivity/-/reactivity-3.2.23.tgz"
    "version" "3.2.23"
    dependencies:
      "@vue/shared" "3.2.23"
  
  "@vue/ref-transform@3.2.23":
    "integrity" "sha512-gW0GD2PSAs/th7mC7tPB/UwpIQxclbApVtsDtscDmOJXb2+cdu60ny+SuHNgfrlUT/JqWKQHq7jFKO4woxLNaA=="
    "resolved" "https://registry.npmjs.org/@vue/ref-transform/-/ref-transform-3.2.23.tgz"
    "version" "3.2.23"
    dependencies:
      "@babel/parser" "^7.15.0"
      "@vue/compiler-core" "3.2.23"
      "@vue/shared" "3.2.23"
      "estree-walker" "^2.0.2"
      "magic-string" "^0.25.7"
  
  "@vue/runtime-core@3.2.23":
    "integrity" "sha512-wSI5lmY2kCGLf89iiygqxVh6/5bsawz78Me9n1x4U2bHnN0yf3PWyuhN0WgIE8VfEaF7e75E333uboNEIFjgkg=="
    "resolved" "https://registry.npmjs.org/@vue/runtime-core/-/runtime-core-3.2.23.tgz"
    "version" "3.2.23"
    dependencies:
      "@vue/reactivity" "3.2.23"
      "@vue/shared" "3.2.23"
  
  "@vue/runtime-dom@3.2.23":
    "integrity" "sha512-z6lp0888NkLmxD9j2sGoll8Kb7J743s8s6w7GbiyUc4WZwm0KJ35B4qTFDMoIU0G7CatS6Z+yRTpPHc6srtByg=="
    "resolved" "https://registry.npmjs.org/@vue/runtime-dom/-/runtime-dom-3.2.23.tgz"
    "version" "3.2.23"
    dependencies:
      "@vue/runtime-core" "3.2.23"
      "@vue/shared" "3.2.23"
      "csstype" "^2.6.8"
  
  "@vue/server-renderer@3.2.23":
    "integrity" "sha512-mgQ2VAE5WjeZELJKNbwE69uiBNpN+3LyL0ZDki1bJWVwHD2fhPfx7pwyYuiucE81xz2LxVsyGxhKKUL997g8vw=="
    "resolved" "https://registry.npmjs.org/@vue/server-renderer/-/server-renderer-3.2.23.tgz"
    "version" "3.2.23"
    dependencies:
      "@vue/compiler-ssr" "3.2.23"
      "@vue/shared" "3.2.23"
  
  "@vue/shared@^3.2.19", "@vue/shared@3.2.23":
    "integrity" "sha512-U+/Jefa0QfXUF2qVy9Dqlrb6HKJSr9/wJcM66wXmWcTOoqg7hOWzF4qruDle51pyF4x3wMn6TSH54UdjKjCKMA=="
    "resolved" "https://registry.npmjs.org/@vue/shared/-/shared-3.2.23.tgz"
    "version" "3.2.23"
  
  "@vueuse/core@*", "@vueuse/core@^7.0.0":
    "integrity" "sha512-SLoOPfhZdNRNUkZfx+wrHj6WycWdSw2RmNS8E4ngQ2kmBoJjRarGy51/GkGdjqHQqmhuwuFoNO2WaU0yBn3ffg=="
    "resolved" "https://registry.npmjs.org/@vueuse/core/-/core-7.1.2.tgz"
    "version" "7.1.2"
    dependencies:
      "@vueuse/shared" "7.1.2"
      "vue-demi" "*"
  
  "@vueuse/shared@7.1.2":
    "integrity" "sha512-AjYh4y9S5FMOoHDsysqcXY/1mpqNTrnWUD50yaaiyf+5kGWQVIpAkkjKZlYSC/NHKxxCRn0cLR4nWMzceUWewQ=="
    "resolved" "https://registry.npmjs.org/@vueuse/shared/-/shared-7.1.2.tgz"
    "version" "7.1.2"
    dependencies:
      "vue-demi" "*"
  
  "@webassemblyjs/ast@1.11.1":
    "integrity" "sha512-ukBh14qFLjxTQNTXocdyksN5QdM28S1CxHt2rdskFyL+xFV7VremuBLVbmCePj+URalXBENx/9Lm7lnhihtCSw=="
    "resolved" "https://registry.npmjs.org/@webassemblyjs/ast/-/ast-1.11.1.tgz"
    "version" "1.11.1"
    dependencies:
      "@webassemblyjs/helper-numbers" "1.11.1"
      "@webassemblyjs/helper-wasm-bytecode" "1.11.1"
  
  "@webassemblyjs/floating-point-hex-parser@1.11.1":
    "integrity" "sha512-iGRfyc5Bq+NnNuX8b5hwBrRjzf0ocrJPI6GWFodBFzmFnyvrQ83SHKhmilCU/8Jv67i4GJZBMhEzltxzcNagtQ=="
    "resolved" "https://registry.npmjs.org/@webassemblyjs/floating-point-hex-parser/-/floating-point-hex-parser-1.11.1.tgz"
    "version" "1.11.1"
  
  "@webassemblyjs/helper-api-error@1.11.1":
    "integrity" "sha512-RlhS8CBCXfRUR/cwo2ho9bkheSXG0+NwooXcc3PAILALf2QLdFyj7KGsKRbVc95hZnhnERon4kW/D3SZpp6Tcg=="
    "resolved" "https://registry.npmjs.org/@webassemblyjs/helper-api-error/-/helper-api-error-1.11.1.tgz"
    "version" "1.11.1"
  
  "@webassemblyjs/helper-buffer@1.11.1":
    "integrity" "sha512-gwikF65aDNeeXa8JxXa2BAk+REjSyhrNC9ZwdT0f8jc4dQQeDQ7G4m0f2QCLPJiMTTO6wfDmRmj/pW0PsUvIcA=="
    "resolved" "https://registry.npmjs.org/@webassemblyjs/helper-buffer/-/helper-buffer-1.11.1.tgz"
    "version" "1.11.1"
  
  "@webassemblyjs/helper-numbers@1.11.1":
    "integrity" "sha512-vDkbxiB8zfnPdNK9Rajcey5C0w+QJugEglN0of+kmO8l7lDb77AnlKYQF7aarZuCrv+l0UvqL+68gSDr3k9LPQ=="
    "resolved" "https://registry.npmjs.org/@webassemblyjs/helper-numbers/-/helper-numbers-1.11.1.tgz"
    "version" "1.11.1"
    dependencies:
      "@webassemblyjs/floating-point-hex-parser" "1.11.1"
      "@webassemblyjs/helper-api-error" "1.11.1"
      "@xtuc/long" "4.2.2"
  
  "@webassemblyjs/helper-wasm-bytecode@1.11.1":
    "integrity" "sha512-PvpoOGiJwXeTrSf/qfudJhwlvDQxFgelbMqtq52WWiXC6Xgg1IREdngmPN3bs4RoO83PnL/nFrxucXj1+BX62Q=="
    "resolved" "https://registry.npmjs.org/@webassemblyjs/helper-wasm-bytecode/-/helper-wasm-bytecode-1.11.1.tgz"
    "version" "1.11.1"
  
  "@webassemblyjs/helper-wasm-section@1.11.1":
    "integrity" "sha512-10P9No29rYX1j7F3EVPX3JvGPQPae+AomuSTPiF9eBQeChHI6iqjMIwR9JmOJXwpnn/oVGDk7I5IlskuMwU/pg=="
    "resolved" "https://registry.npmjs.org/@webassemblyjs/helper-wasm-section/-/helper-wasm-section-1.11.1.tgz"
    "version" "1.11.1"
    dependencies:
      "@webassemblyjs/ast" "1.11.1"
      "@webassemblyjs/helper-buffer" "1.11.1"
      "@webassemblyjs/helper-wasm-bytecode" "1.11.1"
      "@webassemblyjs/wasm-gen" "1.11.1"
  
  "@webassemblyjs/ieee754@1.11.1":
    "integrity" "sha512-hJ87QIPtAMKbFq6CGTkZYJivEwZDbQUgYd3qKSadTNOhVY7p+gfP6Sr0lLRVTaG1JjFj+r3YchoqRYxNH3M0GQ=="
    "resolved" "https://registry.npmjs.org/@webassemblyjs/ieee754/-/ieee754-1.11.1.tgz"
    "version" "1.11.1"
    dependencies:
      "@xtuc/ieee754" "^1.2.0"
  
  "@webassemblyjs/leb128@1.11.1":
    "integrity" "sha512-BJ2P0hNZ0u+Th1YZXJpzW6miwqQUGcIHT1G/sf72gLVD9DZ5AdYTqPNbHZh6K1M5VmKvFXwGSWZADz+qBWxeRw=="
    "resolved" "https://registry.npmjs.org/@webassemblyjs/leb128/-/leb128-1.11.1.tgz"
    "version" "1.11.1"
    dependencies:
      "@xtuc/long" "4.2.2"
  
  "@webassemblyjs/utf8@1.11.1":
    "integrity" "sha512-9kqcxAEdMhiwQkHpkNiorZzqpGrodQQ2IGrHHxCy+Ozng0ofyMA0lTqiLkVs1uzTRejX+/O0EOT7KxqVPuXosQ=="
    "resolved" "https://registry.npmjs.org/@webassemblyjs/utf8/-/utf8-1.11.1.tgz"
    "version" "1.11.1"
  
  "@webassemblyjs/wasm-edit@1.11.1":
    "integrity" "sha512-g+RsupUC1aTHfR8CDgnsVRVZFJqdkFHpsHMfJuWQzWU3tvnLC07UqHICfP+4XyL2tnr1amvl1Sdp06TnYCmVkA=="
    "resolved" "https://registry.npmjs.org/@webassemblyjs/wasm-edit/-/wasm-edit-1.11.1.tgz"
    "version" "1.11.1"
    dependencies:
      "@webassemblyjs/ast" "1.11.1"
      "@webassemblyjs/helper-buffer" "1.11.1"
      "@webassemblyjs/helper-wasm-bytecode" "1.11.1"
      "@webassemblyjs/helper-wasm-section" "1.11.1"
      "@webassemblyjs/wasm-gen" "1.11.1"
      "@webassemblyjs/wasm-opt" "1.11.1"
      "@webassemblyjs/wasm-parser" "1.11.1"
      "@webassemblyjs/wast-printer" "1.11.1"
  
  "@webassemblyjs/wasm-gen@1.11.1":
    "integrity" "sha512-F7QqKXwwNlMmsulj6+O7r4mmtAlCWfO/0HdgOxSklZfQcDu0TpLiD1mRt/zF25Bk59FIjEuGAIyn5ei4yMfLhA=="
    "resolved" "https://registry.npmjs.org/@webassemblyjs/wasm-gen/-/wasm-gen-1.11.1.tgz"
    "version" "1.11.1"
    dependencies:
      "@webassemblyjs/ast" "1.11.1"
      "@webassemblyjs/helper-wasm-bytecode" "1.11.1"
      "@webassemblyjs/ieee754" "1.11.1"
      "@webassemblyjs/leb128" "1.11.1"
      "@webassemblyjs/utf8" "1.11.1"
  
  "@webassemblyjs/wasm-opt@1.11.1":
    "integrity" "sha512-VqnkNqnZlU5EB64pp1l7hdm3hmQw7Vgqa0KF/KCNO9sIpI6Fk6brDEiX+iCOYrvMuBWDws0NkTOxYEb85XQHHw=="
    "resolved" "https://registry.npmjs.org/@webassemblyjs/wasm-opt/-/wasm-opt-1.11.1.tgz"
    "version" "1.11.1"
    dependencies:
      "@webassemblyjs/ast" "1.11.1"
      "@webassemblyjs/helper-buffer" "1.11.1"
      "@webassemblyjs/wasm-gen" "1.11.1"
      "@webassemblyjs/wasm-parser" "1.11.1"
  
  "@webassemblyjs/wasm-parser@1.11.1":
    "integrity" "sha512-rrBujw+dJu32gYB7/Lup6UhdkPx9S9SnobZzRVL7VcBH9Bt9bCBLEuX/YXOOtBsOZ4NQrRykKhffRWHvigQvOA=="
    "resolved" "https://registry.npmjs.org/@webassemblyjs/wasm-parser/-/wasm-parser-1.11.1.tgz"
    "version" "1.11.1"
    dependencies:
      "@webassemblyjs/ast" "1.11.1"
      "@webassemblyjs/helper-api-error" "1.11.1"
      "@webassemblyjs/helper-wasm-bytecode" "1.11.1"
      "@webassemblyjs/ieee754" "1.11.1"
      "@webassemblyjs/leb128" "1.11.1"
      "@webassemblyjs/utf8" "1.11.1"
  
  "@webassemblyjs/wast-printer@1.11.1":
    "integrity" "sha512-IQboUWM4eKzWW+N/jij2sRatKMh99QEelo3Eb2q0qXkvPRISAj8Qxtmw5itwqK+TTkBuUIE45AxYPToqPtL5gg=="
    "resolved" "https://registry.npmjs.org/@webassemblyjs/wast-printer/-/wast-printer-1.11.1.tgz"
    "version" "1.11.1"
    dependencies:
      "@webassemblyjs/ast" "1.11.1"
      "@xtuc/long" "4.2.2"
  
  "@xtuc/ieee754@^1.2.0":
    "integrity" "sha512-DX8nKgqcGwsc0eJSqYt5lwP4DH5FlHnmuWWBRy7X0NcaGR0ZtuyeESgMwTYVEtxmsNGY+qit4QYT/MIYTOTPeA=="
    "resolved" "https://registry.npmjs.org/@xtuc/ieee754/-/ieee754-1.2.0.tgz"
    "version" "1.2.0"
  
  "@xtuc/long@4.2.2":
    "integrity" "sha512-NuHqBY1PB/D8xU6s/thBgOAiAP7HOYDQ32+BFZILJ8ivkUkAHQnWfn6WhL79Owj1qmUnoN/YPhktdIoucipkAQ=="
    "resolved" "https://registry.npmjs.org/@xtuc/long/-/long-4.2.2.tgz"
    "version" "4.2.2"
  
  "acorn-import-assertions@^1.7.6":
    "integrity" "sha512-m7VZ3jwz4eK6A4Vtt8Ew1/mNbP24u0FhdyfA7fSvnJR6LMdfOYnmuIrrJAgrYfYJ10F/otaHTtrtrtmHdMNzEw=="
    "resolved" "https://registry.npmjs.org/acorn-import-assertions/-/acorn-import-assertions-1.8.0.tgz"
    "version" "1.8.0"
  
  "acorn@^7.1.1":
    "integrity" "sha512-nQyp0o1/mNdbTO1PO6kHkwSrmgZ0MT/jCCpNiwbUjGoRN4dlBhqJtoQuCnEOKzgTVwg0ZWiCoQy6SxMebQVh8A=="
    "resolved" "https://registry.npmjs.org/acorn/-/acorn-7.4.1.tgz"
    "version" "7.4.1"
  
  "acorn@^8.5.0":
    "integrity" "sha512-U1riIR+lBSNi3IbxtaHOIKdH8sLFv3NYfNv8sg7ZsNhcfl4HF2++BfqqrNAxoCLQW1iiylOj76ecnaUxz+z9yw=="
    "resolved" "https://registry.npmjs.org/acorn/-/acorn-8.6.0.tgz"
    "version" "8.6.0"
  
  "acorn@^8", "acorn@^8.4.1":
    "integrity" "sha512-U1riIR+lBSNi3IbxtaHOIKdH8sLFv3NYfNv8sg7ZsNhcfl4HF2++BfqqrNAxoCLQW1iiylOj76ecnaUxz+z9yw=="
    "resolved" "https://registry.npmjs.org/acorn/-/acorn-8.6.0.tgz"
    "version" "8.6.0"
  
  "ajv-keywords@^3.5.2":
    "integrity" "sha512-5p6WTN0DdTGVQk6VjcEju19IgaHudalcfabD7yhDGeA6bcQnmL+CpveLJq/3hvfwd1aof6L386Ougkx6RfyMIQ=="
    "resolved" "https://registry.npmjs.org/ajv-keywords/-/ajv-keywords-3.5.2.tgz"
    "version" "3.5.2"
  
  "ajv@^6.12.5", "ajv@^6.9.1":
    "integrity" "sha512-j3fVLgvTo527anyYyJOGTYJbG+vnnQYvE0m5mmkc1TK+nxAppkCLMIL0aZ4dblVCNoGShhm+kzE4ZUykBoMg4g=="
    "resolved" "https://registry.npmjs.org/ajv/-/ajv-6.12.6.tgz"
    "version" "6.12.6"
    dependencies:
      "fast-deep-equal" "^3.1.1"
      "fast-json-stable-stringify" "^2.0.0"
      "json-schema-traverse" "^0.4.1"
      "uri-js" "^4.2.2"
  
  "anymatch@~3.1.2":
    "integrity" "sha512-P43ePfOAIupkguHUycrc4qJ9kz8ZiuOUijaETwX7THt0Y/GNK7v0aa8rY816xWjZ7rJdA5XdMcpVFTKMq+RvWg=="
    "resolved" "https://registry.npmjs.org/anymatch/-/anymatch-3.1.2.tgz"
    "version" "3.1.2"
    dependencies:
      "normalize-path" "^3.0.0"
      "picomatch" "^2.0.4"
  
  "asap@~2.0.3":
    "integrity" "sha1-5QNHYR1+aQlDIIu9r+vLwvuGbUY="
    "resolved" "https://registry.npmjs.org/asap/-/asap-2.0.6.tgz"
    "version" "2.0.6"
  
  "assert-never@^1.2.1":
    "integrity" "sha512-TaTivMB6pYI1kXwrFlEhLeGfOqoDNdTxjCdwRfFFkEA30Eu+k48W34nlok2EYWJfFFzqaEmichdNM7th6M5HNw=="
    "resolved" "https://registry.npmjs.org/assert-never/-/assert-never-1.2.1.tgz"
    "version" "1.2.1"
  
  "async-validator@^4.0.7":
    "integrity" "sha512-Pj2IR7u8hmUEDOwB++su6baaRi+QvsgajuFB9j95foM1N2gy5HM4z60hfusIO0fBPG5uLAEl6yCJr1jNSVugEQ=="
    "resolved" "https://registry.npmjs.org/async-validator/-/async-validator-4.0.7.tgz"
    "version" "4.0.7"
  
  "babel-walk@3.0.0-canary-5":
    "integrity" "sha512-GAwkz0AihzY5bkwIY5QDR+LvsRQgB/B+1foMPvi0FZPMl5fjD7ICiznUiBdLYMH1QYe6vqu4gWYytZOccLouFw=="
    "resolved" "https://registry.npmjs.org/babel-walk/-/babel-walk-3.0.0-canary-5.tgz"
    "version" "3.0.0-canary-5"
    dependencies:
      "@babel/types" "^7.9.6"
  
  "balanced-match@^1.0.0":
    "integrity" "sha512-3oSeUO0TMV67hN1AmbXsK4yaqU7tjiHlbxRDZOpH0KW9+CeX4bRAaX0Anxt0tx2MrpRpWwQaPwIlISEJhYU5Pw=="
    "resolved" "https://registry.npmjs.org/balanced-match/-/balanced-match-1.0.2.tgz"
    "version" "1.0.2"
  
  "binary-extensions@^2.0.0":
    "integrity" "sha512-jDctJ/IVQbZoJykoeHbhXpOlNBqGNcwXJKJog42E5HDPUwQTSdjCHdihjj0DlnheQ7blbT6dHOafNAiS8ooQKA=="
    "resolved" "https://registry.npmjs.org/binary-extensions/-/binary-extensions-2.2.0.tgz"
    "version" "2.2.0"
  
  "brace-expansion@^1.1.7":
    "integrity" "sha512-iCuPHDFgrHX7H2vEI/5xpz07zSHB00TpugqhmYtVmMO6518mCuRMoOYFldEBl0g187ufozdaHgWKcYFb61qGiA=="
    "resolved" "https://registry.npmjs.org/brace-expansion/-/brace-expansion-1.1.11.tgz"
    "version" "1.1.11"
    dependencies:
      "balanced-match" "^1.0.0"
      "concat-map" "0.0.1"
  
  "braces@^3.0.1", "braces@~3.0.2":
    "integrity" "sha512-b8um+L1RzM3WDSzvhm6gIz1yfTbBt6YTlcEKAvsmqCZZFw46z626lVj9j1yEPW33H5H+lBQpZMP1k8l+78Ha0A=="
    "resolved" "https://registry.npmjs.org/braces/-/braces-3.0.2.tgz"
    "version" "3.0.2"
    dependencies:
      "fill-range" "^7.0.1"
  
  "browserslist@^4.14.5":
    "integrity" "sha512-8ScCzdpPwR2wQh8IT82CA2VgDwjHyqMovPBZSNH54+tm4Jk2pCuv90gmAdH6J84OCRWi0b4gMe6O6XPXuJnjgQ=="
    "resolved" "https://registry.npmjs.org/browserslist/-/browserslist-4.18.1.tgz"
    "version" "4.18.1"
    dependencies:
      "caniuse-lite" "^1.0.30001280"
      "electron-to-chromium" "^1.3.896"
      "escalade" "^3.1.1"
      "node-releases" "^2.0.1"
      "picocolors" "^1.0.0"
  
  "buffer-from@^1.0.0":
    "integrity" "sha512-E+XQCRwSbaaiChtv6k6Dwgc+bx+Bs6vuKJHHl5kox/BaKbhiXzqQOwK4cO22yElGp2OCmjwVhT3HmxgyPGnJfQ=="
    "resolved" "https://registry.npmjs.org/buffer-from/-/buffer-from-1.1.2.tgz"
    "version" "1.1.2"
  
  "builtins@^4.0.0":
    "integrity" "sha512-qC0E2Dxgou1IHhvJSLwGDSTvokbRovU5zZFuDY6oY8Y2lF3nGt5Ad8YZK7GMtqzY84Wu7pXTPeHQeHcXSXsRhw=="
    "resolved" "https://registry.npmjs.org/builtins/-/builtins-4.0.0.tgz"
    "version" "4.0.0"
    dependencies:
      "semver" "^7.0.0"
  
  "call-bind@^1.0.2":
    "integrity" "sha512-7O+FbCihrB5WGbFYesctwmTKae6rOiIzmz1icreWJ+0aA7LJfuqhEso2T9ncpcFtzMQtzXf2QGGueWJGTYsqrA=="
    "resolved" "https://registry.npmjs.org/call-bind/-/call-bind-1.0.2.tgz"
    "version" "1.0.2"
    dependencies:
      "function-bind" "^1.1.1"
      "get-intrinsic" "^1.0.2"
  
  "caniuse-lite@^1.0.30001280":
    "integrity" "sha512-KAOkuUtcQ901MtmvxfKD+ODHH9YVDYnBt+TGYSz2KIfnq22CiArbUxXPN9067gNbgMlnNYRSwho8OPXZPALB9Q=="
    "resolved" "https://registry.npmjs.org/caniuse-lite/-/caniuse-lite-1.0.30001285.tgz"
    "version" "1.0.30001285"
  
  "character-parser@^2.2.0":
    "integrity" "sha1-x84o821LzZdE5f/CxfzeHHMmH8A="
    "resolved" "https://registry.npmjs.org/character-parser/-/character-parser-2.2.0.tgz"
    "version" "2.2.0"
    dependencies:
      "is-regex" "^1.0.3"
  
  "chokidar@^3.5.2", "chokidar@>=3.0.0 <4.0.0":
    "integrity" "sha512-ekGhOnNVPgT77r4K/U3GDhu+FQ2S8TnK/s2KbIGXi0SZWuwkZ2QNyfWdZW+TVfn84DpEP7rLeCt2UI6bJ8GwbQ=="
    "resolved" "https://registry.npmjs.org/chokidar/-/chokidar-3.5.2.tgz"
    "version" "3.5.2"
    dependencies:
      "anymatch" "~3.1.2"
      "braces" "~3.0.2"
      "glob-parent" "~5.1.2"
      "is-binary-path" "~2.1.0"
      "is-glob" "~4.0.1"
      "normalize-path" "~3.0.0"
      "readdirp" "~3.6.0"
    optionalDependencies:
      "fsevents" "~2.3.2"
  
  "chrome-trace-event@^1.0.2":
    "integrity" "sha512-p3KULyQg4S7NIHixdwbGX+nFHkoBiA4YQmyWtjb8XngSKV124nJmRysgAeujbUVb15vh+RvFUfCPqU7rXk+hZg=="
    "resolved" "https://registry.npmjs.org/chrome-trace-event/-/chrome-trace-event-1.0.3.tgz"
    "version" "1.0.3"
  
  "commander@^2.20.0":
    "integrity" "sha512-GpVkmM8vF2vQUkj2LvZmD35JxeJOLCwJ9cUkugyk2nuhbv3+mJvpLYYt+0+USMxE+oj+ey/lJEnhZw75x/OMcQ=="
    "resolved" "https://registry.npmjs.org/commander/-/commander-2.20.3.tgz"
    "version" "2.20.3"
  
  "concat-map@0.0.1":
    "integrity" "sha1-2Klr13/Wjfd5OnMDajug1UBdR3s="
    "resolved" "https://registry.npmjs.org/concat-map/-/concat-map-0.0.1.tgz"
    "version" "0.0.1"
  
  "constantinople@^4.0.1":
    "integrity" "sha512-vCrqcSIq4//Gx74TXXCGnHpulY1dskqLTFGDmhrGxzeXL8lF8kvXv6mpNWlJj1uD4DW23D4ljAqbY4RRaaUZIw=="
    "resolved" "https://registry.npmjs.org/constantinople/-/constantinople-4.0.1.tgz"
    "version" "4.0.1"
    dependencies:
      "@babel/parser" "^7.6.0"
      "@babel/types" "^7.6.1"
  
  "csstype@^2.6.8":
    "integrity" "sha512-ZVxXaNy28/k3kJg0Fou5MiYpp88j7H9hLZp8PDC3jV0WFjfH5E9xHb56L0W59cPbKbcHXeP4qyT8PrHp8t6LcQ=="
    "resolved" "https://registry.npmjs.org/csstype/-/csstype-2.6.19.tgz"
    "version" "2.6.19"
  
  "dayjs@^1.10.7":
    "integrity" "sha512-P6twpd70BcPK34K26uJ1KT3wlhpuOAPoMwJzpsIWUxHZ7wpmbdZL/hQqBDfz7hGurYSa5PhzdhDHtt319hL3ig=="
    "resolved" "https://registry.npmjs.org/dayjs/-/dayjs-1.10.7.tgz"
    "version" "1.10.7"
  
  "debug@^4.3.2":
    "integrity" "sha512-/zxw5+vh1Tfv+4Qn7a5nsbcJKPaSvCDhojn6FEl9vupwK2VCSDtEiEtqr8DFtzYFOdz63LBkxec7DYuc2jon6Q=="
    "resolved" "https://registry.npmjs.org/debug/-/debug-4.3.3.tgz"
    "version" "4.3.3"
    dependencies:
      "ms" "2.1.2"
  
  "doctypes@^1.1.0":
    "integrity" "sha1-6oCxBqh1OHdOijpKWv4pPeSJ4Kk="
    "resolved" "https://registry.npmjs.org/doctypes/-/doctypes-1.1.0.tgz"
    "version" "1.1.0"
  
  "dom-serializer@^1.0.1":
    "integrity" "sha512-5c54Bk5Dw4qAxNOI1pFEizPSjVsx5+bpJKmL2kPn8JhBUq2q09tTCa3mjijun2NfK78NMouDYNMBkOrPZiS+ig=="
    "resolved" "https://registry.npmjs.org/dom-serializer/-/dom-serializer-1.3.2.tgz"
    "version" "1.3.2"
    dependencies:
      "domelementtype" "^2.0.1"
      "domhandler" "^4.2.0"
      "entities" "^2.0.0"
  
  "domelementtype@^2.0.1", "domelementtype@^2.2.0":
    "integrity" "sha512-DtBMo82pv1dFtUmHyr48beiuq792Sxohr+8Hm9zoxklYPfa6n0Z3Byjj2IV7bmr2IyqClnqEQhfgHJJ5QF0R5A=="
    "resolved" "https://registry.npmjs.org/domelementtype/-/domelementtype-2.2.0.tgz"
    "version" "2.2.0"
  
  "domhandler@^4.0.0", "domhandler@^4.2.0":
    "integrity" "sha512-fC0aXNQXqKSFTr2wDNZDhsEYjCiYsDWl3D01kwt25hm1YIPyDGHvvi3rw+PLqHAl/m71MaiF7d5zvBr0p5UB2g=="
    "resolved" "https://registry.npmjs.org/domhandler/-/domhandler-4.3.0.tgz"
    "version" "4.3.0"
    dependencies:
      "domelementtype" "^2.2.0"
  
  "domutils@^2.5.2":
    "integrity" "sha512-w96Cjofp72M5IIhpjgobBimYEfoPjx1Vx0BSX9P30WBdZW2WIKU0T1Bd0kz2eNZ9ikjKgHbEyKx8BB6H1L3h3A=="
    "resolved" "https://registry.npmjs.org/domutils/-/domutils-2.8.0.tgz"
    "version" "2.8.0"
    dependencies:
      "dom-serializer" "^1.0.1"
      "domelementtype" "^2.2.0"
      "domhandler" "^4.2.0"
  
  "electron-to-chromium@^1.3.896":
    "integrity" "sha512-zjfhG9Us/hIy8AlQ5OzfbR/C4aBv1Dg/ak4GX35CELYlJ4tDAtoEcQivXvyBdqdNQ+R6PhlgQqV8UNPJmhkJog=="
    "resolved" "https://registry.npmjs.org/electron-to-chromium/-/electron-to-chromium-1.4.12.tgz"
    "version" "1.4.12"
  
  "element-plus@^1.2.0-beta.5":
    "integrity" "sha512-8KNGsNZ6RjVJ7kmxq/WLeTBMhVxSjfaGdW2QdcdXz4km1MgxbyBfdiNGVQG4XH/n+hbtLFldCPw0mVT4vkncuA=="
    "resolved" "https://registry.npmjs.org/element-plus/-/element-plus-1.2.0-beta.5.tgz"
    "version" "1.2.0-beta.5"
    dependencies:
      "@element-plus/icons" "^0.0.11"
      "@popperjs/core" "^2.10.2"
      "@vueuse/core" "^7.0.0"
      "async-validator" "^4.0.7"
      "dayjs" "^1.10.7"
      "lodash" "^4.17.21"
      "memoize-one" "^6.0.0"
      "normalize-wheel-es" "^1.1.1"
  
  "emmet@^2.3.0":
    "integrity" "sha512-3IqSwmO+N2ZGeuhDyhV/TIOJFUbkChi53bcasSNRE7Yd+4eorbbYz4e53TpMECt38NtYkZNupQCZRlwdAYA42A=="
    "resolved" "https://registry.npmjs.org/emmet/-/emmet-2.3.4.tgz"
    "version" "2.3.4"
    dependencies:
      "@emmetio/abbreviation" "^2.2.2"
      "@emmetio/css-abbreviation" "^2.1.4"
  
  "enhanced-resolve@^5.8.3":
    "integrity" "sha512-EGAbGvH7j7Xt2nc0E7D99La1OiEs8LnyimkRgwExpUMScN6O+3x9tIWs7PLQZVNx4YD+00skHXPXi1yQHpAmZA=="
    "resolved" "https://registry.npmjs.org/enhanced-resolve/-/enhanced-resolve-5.8.3.tgz"
    "version" "5.8.3"
    dependencies:
      "graceful-fs" "^4.2.4"
      "tapable" "^2.2.0"
  
  "entities@^2.0.0":
    "integrity" "sha512-p92if5Nz619I0w+akJrLZH0MX0Pb5DX39XOwQTtXSdQQOaYH03S1uIQp4mhOZtAXrxq4ViO67YTiLBo2638o9A=="
    "resolved" "https://registry.npmjs.org/entities/-/entities-2.2.0.tgz"
    "version" "2.2.0"
  
  "es-module-lexer@^0.9.0":
    "integrity" "sha512-1HQ2M2sPtxwnvOvT1ZClHyQDiggdNjURWpY2we6aMKCQiUVxTmVs2UYPLIrD84sS+kMdUwfBSylbJPwNnBrnHQ=="
    "resolved" "https://registry.npmjs.org/es-module-lexer/-/es-module-lexer-0.9.3.tgz"
    "version" "0.9.3"
  
  "esbuild-windows-64@0.13.15":
    "integrity" "sha512-9aMsPRGDWCd3bGjUIKG/ZOJPKsiztlxl/Q3C1XDswO6eNX/Jtwu4M+jb6YDH9hRSUflQWX0XKAfWzgy5Wk54JQ=="
    "resolved" "https://registry.npmjs.org/esbuild-windows-64/-/esbuild-windows-64-0.13.15.tgz"
    "version" "0.13.15"
  
  "esbuild@^0.13.2":
    "integrity" "sha512-raCxt02HBKv8RJxE8vkTSCXGIyKHdEdGfUmiYb8wnabnaEmHzyW7DCHb5tEN0xU8ryqg5xw54mcwnYkC4x3AIw=="
    "resolved" "https://registry.npmjs.org/esbuild/-/esbuild-0.13.15.tgz"
    "version" "0.13.15"
    optionalDependencies:
      "esbuild-android-arm64" "0.13.15"
      "esbuild-darwin-64" "0.13.15"
      "esbuild-darwin-arm64" "0.13.15"
      "esbuild-freebsd-64" "0.13.15"
      "esbuild-freebsd-arm64" "0.13.15"
      "esbuild-linux-32" "0.13.15"
      "esbuild-linux-64" "0.13.15"
      "esbuild-linux-arm" "0.13.15"
      "esbuild-linux-arm64" "0.13.15"
      "esbuild-linux-mips64le" "0.13.15"
      "esbuild-linux-ppc64le" "0.13.15"
      "esbuild-netbsd-64" "0.13.15"
      "esbuild-openbsd-64" "0.13.15"
      "esbuild-sunos-64" "0.13.15"
      "esbuild-windows-32" "0.13.15"
      "esbuild-windows-64" "0.13.15"
      "esbuild-windows-arm64" "0.13.15"
  
  "escalade@^3.1.1":
    "integrity" "sha512-k0er2gUkLf8O0zKJiAhmkTnJlTvINGv7ygDNPbeIsX/TJjGJZHuh9B2UxbsaEkmlEo9MfhrSzmhIlhRlI2GXnw=="
    "resolved" "https://registry.npmjs.org/escalade/-/escalade-3.1.1.tgz"
    "version" "3.1.1"
  
  "eslint-scope@5.1.1":
    "integrity" "sha512-2NxwbF/hZ0KpepYN0cNbo+FN6XoK7GaHlQhgx/hIZl6Va0bF45RQOOwhLIy8lQDbuCiadSLCBnH2CFYquit5bw=="
    "resolved" "https://registry.npmjs.org/eslint-scope/-/eslint-scope-5.1.1.tgz"
    "version" "5.1.1"
    dependencies:
      "esrecurse" "^4.3.0"
      "estraverse" "^4.1.1"
  
  "esrecurse@^4.3.0":
    "integrity" "sha512-KmfKL3b6G+RXvP8N1vr3Tq1kL/oCFgn2NYXEtqP8/L3pKapUA4G8cFVaoF3SU323CD4XypR/ffioHmkti6/Tag=="
    "resolved" "https://registry.npmjs.org/esrecurse/-/esrecurse-4.3.0.tgz"
    "version" "4.3.0"
    dependencies:
      "estraverse" "^5.2.0"
  
  "estraverse@^4.1.1":
    "integrity" "sha512-39nnKffWz8xN1BU/2c79n9nB9HDzo0niYUqx6xyqUnyoAnQyyWpOTdZEeiCch8BBu515t4wp9ZmgVfVhn9EBpw=="
    "resolved" "https://registry.npmjs.org/estraverse/-/estraverse-4.3.0.tgz"
    "version" "4.3.0"
  
  "estraverse@^5.2.0":
    "integrity" "sha512-MMdARuVEQziNTeJD8DgMqmhwR11BRQ/cBP+pLtYdSTnf3MIO8fFeiINEbX36ZdNlfU/7A9f3gUw49B3oQsvwBA=="
    "resolved" "https://registry.npmjs.org/estraverse/-/estraverse-5.3.0.tgz"
    "version" "5.3.0"
  
  "estree-walker@^2.0.1", "estree-walker@^2.0.2":
    "integrity" "sha512-Rfkk/Mp/DL7JVje3u18FxFujQlTNR2q6QfMSMB7AvCBx91NGj/ba3kCfza0f6dVDbw7YlRf/nDrn7pQrCCyQ/w=="
    "resolved" "https://registry.npmjs.org/estree-walker/-/estree-walker-2.0.2.tgz"
    "version" "2.0.2"
  
  "events@^3.2.0":
    "integrity" "sha512-mQw+2fkQbALzQ7V0MY0IqdnXNOeTtP4r0lN9z7AAawCXgqea7bDii20AYrIBrFd/Hx0M2Ocz6S111CaFkUcb0Q=="
    "resolved" "https://registry.npmjs.org/events/-/events-3.3.0.tgz"
    "version" "3.3.0"
  
  "fast-deep-equal@^3.1.1":
    "integrity" "sha512-f3qQ9oQy9j2AhBe/H9VC91wLmKBCCU/gDOnKNAYG5hswO7BLKj09Hc5HYNz9cGI++xlpDCIgDaitVs03ATR84Q=="
    "resolved" "https://registry.npmjs.org/fast-deep-equal/-/fast-deep-equal-3.1.3.tgz"
    "version" "3.1.3"
  
  "fast-glob@^3.2.7":
    "integrity" "sha512-rYGMRwip6lUMvYD3BTScMwT1HtAs2d71SMv66Vrxs0IekGZEjhM0pcMfjQPnknBt2zeCwQMEupiN02ZP4DiT1Q=="
    "resolved" "https://registry.npmjs.org/fast-glob/-/fast-glob-3.2.7.tgz"
    "version" "3.2.7"
    dependencies:
      "@nodelib/fs.stat" "^2.0.2"
      "@nodelib/fs.walk" "^1.2.3"
      "glob-parent" "^5.1.2"
      "merge2" "^1.3.0"
      "micromatch" "^4.0.4"
  
  "fast-json-stable-stringify@^2.0.0":
    "integrity" "sha512-lhd/wF+Lk98HZoTCtlVraHtfh5XYijIjalXck7saUtuanSDyLMxnHhSXEDJqHxD7msR8D0uCmqlkwjCV8xvwHw=="
    "resolved" "https://registry.npmjs.org/fast-json-stable-stringify/-/fast-json-stable-stringify-2.1.0.tgz"
    "version" "2.1.0"
  
  "fastq@^1.6.0":
    "integrity" "sha512-YpkpUnK8od0o1hmeSc7UUs/eB/vIPWJYjKck2QKIzAf71Vm1AAQ3EbuZB3g2JIy+pg+ERD0vqI79KyZiB2e2Nw=="
    "resolved" "https://registry.npmjs.org/fastq/-/fastq-1.13.0.tgz"
    "version" "1.13.0"
    dependencies:
      "reusify" "^1.0.4"
  
  "fill-range@^7.0.1":
    "integrity" "sha512-qOo9F+dMUmC2Lcb4BbVvnKJxTPjCm+RRpe4gDuGrzkL7mEVl/djYSu2OdQ2Pa302N4oqkSg9ir6jaLWJ2USVpQ=="
    "resolved" "https://registry.npmjs.org/fill-range/-/fill-range-7.0.1.tgz"
    "version" "7.0.1"
    dependencies:
      "to-regex-range" "^5.0.1"
  
  "function-bind@^1.1.1":
    "integrity" "sha512-yIovAzMX49sF8Yl58fSCWJ5svSLuaibPxXQJFLmBObTuCr0Mf1KiPopGM9NiFjiYBCbfaa2Fh6breQ6ANVTI0A=="
    "resolved" "https://registry.npmjs.org/function-bind/-/function-bind-1.1.1.tgz"
    "version" "1.1.1"
  
  "get-intrinsic@^1.0.2":
    "integrity" "sha512-kWZrnVM42QCiEA2Ig1bG8zjoIMOgxWwYCEeNdwY6Tv/cOSeGpcoX4pXHfKUxNKVoArnrEr2e9srnAxxGIraS9Q=="
    "resolved" "https://registry.npmjs.org/get-intrinsic/-/get-intrinsic-1.1.1.tgz"
    "version" "1.1.1"
    dependencies:
      "function-bind" "^1.1.1"
      "has" "^1.0.3"
      "has-symbols" "^1.0.1"
  
  "glob-parent@^5.1.2", "glob-parent@~5.1.2":
    "integrity" "sha512-AOIgSQCepiJYwP3ARnGx+5VnTu2HBYdzbGP45eLw1vr3zB3vZLeyed1sC9hnbcOc9/SrMyM5RPQrkGz4aS9Zow=="
    "resolved" "https://registry.npmjs.org/glob-parent/-/glob-parent-5.1.2.tgz"
    "version" "5.1.2"
    dependencies:
      "is-glob" "^4.0.1"
  
  "glob-to-regexp@^0.4.1":
    "integrity" "sha512-lkX1HJXwyMcprw/5YUZc2s7DrpAiHB21/V+E1rHUrVNokkvB6bqMzT0VfV6/86ZNabt1k14YOIaT7nDvOX3Iiw=="
    "resolved" "https://registry.npmjs.org/glob-to-regexp/-/glob-to-regexp-0.4.1.tgz"
    "version" "0.4.1"
  
  "graceful-fs@^4.1.2", "graceful-fs@^4.2.4":
    "integrity" "sha512-qkIilPUYcNhJpd33n0GBXTB1MMPp14TxEsEs0pTrsSVucApsYzW5V+Q8Qxhik6KU3evy+qkAAowTByymK0avdg=="
    "resolved" "https://registry.npmjs.org/graceful-fs/-/graceful-fs-4.2.8.tgz"
    "version" "4.2.8"
  
  "has-flag@^4.0.0":
    "integrity" "sha512-EykJT/Q1KjTWctppgIAgfSO0tKVuZUjhgMr17kqTumMl6Afv3EISleU7qZUzoXDFTAHTDC4NOoG/ZxU3EvlMPQ=="
    "resolved" "https://registry.npmjs.org/has-flag/-/has-flag-4.0.0.tgz"
    "version" "4.0.0"
  
  "has-symbols@^1.0.1", "has-symbols@^1.0.2":
    "integrity" "sha512-chXa79rL/UC2KlX17jo3vRGz0azaWEx5tGqZg5pO3NUyEJVB17dMruQlzCCOfUvElghKcm5194+BCRvi2Rv/Gw=="
    "resolved" "https://registry.npmjs.org/has-symbols/-/has-symbols-1.0.2.tgz"
    "version" "1.0.2"
  
  "has-tostringtag@^1.0.0":
    "integrity" "sha512-kFjcSNhnlGV1kyoGk7OXKSawH5JOb/LzUc5w9B02hOTO0dfFRjbHQKvg1d6cf3HbeUmtU9VbbV3qzZ2Teh97WQ=="
    "resolved" "https://registry.npmjs.org/has-tostringtag/-/has-tostringtag-1.0.0.tgz"
    "version" "1.0.0"
    dependencies:
      "has-symbols" "^1.0.2"
  
  "has@^1.0.3":
    "integrity" "sha512-f2dvO0VU6Oej7RkWJGrehjbzMAjFp5/VKPp5tTpWIV4JHHZK1/BxbFRtf/siA2SWTe09caDmVtYYzWEIbBS4zw=="
    "resolved" "https://registry.npmjs.org/has/-/has-1.0.3.tgz"
    "version" "1.0.3"
    dependencies:
      "function-bind" "^1.1.1"
  
  "htmlparser2@^6.1.0":
    "integrity" "sha512-gyyPk6rgonLFEDGoeRgQNaEUvdJ4ktTmmUh/h2t7s+M8oPpIPxgNACWa+6ESR57kXstwqPiCut0V8NRpcwgU7A=="
    "resolved" "https://registry.npmjs.org/htmlparser2/-/htmlparser2-6.1.0.tgz"
    "version" "6.1.0"
    dependencies:
      "domelementtype" "^2.0.1"
      "domhandler" "^4.0.0"
      "domutils" "^2.5.2"
      "entities" "^2.0.0"
  
  "immutable@^4.0.0":
    "integrity" "sha512-zIE9hX70qew5qTUjSS7wi1iwj/l7+m54KWU247nhM3v806UdGj1yDndXj+IOYxxtW9zyLI+xqFNZjTuDaLUqFw=="
    "resolved" "https://registry.npmjs.org/immutable/-/immutable-4.0.0.tgz"
    "version" "4.0.0"
  
  "import-meta-resolve@^1.1.1":
    "integrity" "sha512-JiTuIvVyPaUg11eTrNDx5bgQ/yMKMZffc7YSjvQeSMXy58DO2SQ8BtAf3xteZvmzvjYh14wnqNjL8XVeDy2o9A=="
    "resolved" "https://registry.npmjs.org/import-meta-resolve/-/import-meta-resolve-1.1.1.tgz"
    "version" "1.1.1"
    dependencies:
      "builtins" "^4.0.0"
  
  "is-binary-path@~2.1.0":
    "integrity" "sha512-ZMERYes6pDydyuGidse7OsHxtbI7WVeUEozgR/g7rd0xUimYNlvZRE/K2MgZTjWy725IfelLeVcEM97mmtRGXw=="
    "resolved" "https://registry.npmjs.org/is-binary-path/-/is-binary-path-2.1.0.tgz"
    "version" "2.1.0"
    dependencies:
      "binary-extensions" "^2.0.0"
  
  "is-core-module@^2.2.0":
    "integrity" "sha512-vd15qHsaqrRL7dtH6QNuy0ndJmRDrS9HAM1CAiSifNUFv4x1a0CCVsj18hJ1mShxIG6T2i1sO78MkP56r0nYRw=="
    "resolved" "https://registry.npmjs.org/is-core-module/-/is-core-module-2.8.0.tgz"
    "version" "2.8.0"
    dependencies:
      "has" "^1.0.3"
  
  "is-expression@^4.0.0":
    "integrity" "sha512-zMIXX63sxzG3XrkHkrAPvm/OVZVSCPNkwMHU8oTX7/U3AL78I0QXCEICXUM13BIa8TYGZ68PiTKfQz3yaTNr4A=="
    "resolved" "https://registry.npmjs.org/is-expression/-/is-expression-4.0.0.tgz"
    "version" "4.0.0"
    dependencies:
      "acorn" "^7.1.1"
      "object-assign" "^4.1.1"
  
  "is-extglob@^2.1.1":
    "integrity" "sha1-qIwCU1eR8C7TfHahueqXc8gz+MI="
    "resolved" "https://registry.npmjs.org/is-extglob/-/is-extglob-2.1.1.tgz"
    "version" "2.1.1"
  
  "is-glob@^4.0.1", "is-glob@~4.0.1":
    "integrity" "sha512-xelSayHH36ZgE7ZWhli7pW34hNbNl8Ojv5KVmkJD4hBdD3th8Tfk9vYasLM+mXWOZhFkgZfxhLSnrwRr4elSSg=="
    "resolved" "https://registry.npmjs.org/is-glob/-/is-glob-4.0.3.tgz"
    "version" "4.0.3"
    dependencies:
      "is-extglob" "^2.1.1"
  
  "is-number@^7.0.0":
    "integrity" "sha512-41Cifkg6e8TylSpdtTpeLVMqvSBEVzTttHvERD741+pnZ8ANv0004MRL43QKPDlK9cGvNp6NZWZUBlbGXYxxng=="
    "resolved" "https://registry.npmjs.org/is-number/-/is-number-7.0.0.tgz"
    "version" "7.0.0"
  
  "is-promise@^2.0.0":
    "integrity" "sha512-+lP4/6lKUBfQjZ2pdxThZvLUAafmZb8OAxFb8XXtiQmS35INgr85hdOGoEs124ez1FCnZJt6jau/T+alh58QFQ=="
    "resolved" "https://registry.npmjs.org/is-promise/-/is-promise-2.2.2.tgz"
    "version" "2.2.2"
  
  "is-regex@^1.0.3":
    "integrity" "sha512-kvRdxDsxZjhzUX07ZnLydzS1TU/TJlTUHHY4YLL87e37oUA49DfkLqgy+VjFocowy29cKvcSiu+kIv728jTTVg=="
    "resolved" "https://registry.npmjs.org/is-regex/-/is-regex-1.1.4.tgz"
    "version" "1.1.4"
    dependencies:
      "call-bind" "^1.0.2"
      "has-tostringtag" "^1.0.0"
  
  "jest-worker@^27.0.6":
    "integrity" "sha512-0QMy/zPovLfUPyHuOuuU4E+kGACXXE84nRnq6lBVI9GJg5DCBiA97SATi+ZP8CpiJwEQy1oCPjRBf8AnLjN+Ag=="
    "resolved" "https://registry.npmjs.org/jest-worker/-/jest-worker-27.4.2.tgz"
    "version" "27.4.2"
    dependencies:
      "@types/node" "*"
      "merge-stream" "^2.0.0"
      "supports-color" "^8.0.0"
  
  "js-stringify@^1.0.2":
    "integrity" "sha1-Fzb939lyTyijaCrcYjCufk6Weds="
    "resolved" "https://registry.npmjs.org/js-stringify/-/js-stringify-1.0.2.tgz"
    "version" "1.0.2"
  
  "json-parse-better-errors@^1.0.2":
    "integrity" "sha512-mrqyZKfX5EhL7hvqcV6WG1yYjnjeuYDzDhhcAAUrq8Po85NBQBJP+ZDUT75qZQ98IkUoBqdkExkukOU7Ts2wrw=="
    "resolved" "https://registry.npmjs.org/json-parse-better-errors/-/json-parse-better-errors-1.0.2.tgz"
    "version" "1.0.2"
  
  "json-schema-traverse@^0.4.1":
    "integrity" "sha512-xbbCH5dCYU5T8LcEhhuh7HJ88HXuW3qsI3Y0zOZFKfZEHcpWiHU/Jxzk629Brsab/mMiHQti9wMP+845RPe3Vg=="
    "resolved" "https://registry.npmjs.org/json-schema-traverse/-/json-schema-traverse-0.4.1.tgz"
    "version" "0.4.1"
  
  "jsonc-parser@^2.3.0":
    "integrity" "sha512-H8jvkz1O50L3dMZCsLqiuB2tA7muqbSg1AtGEkN0leAqGjsUzDJir3Zwr02BhqdcITPg3ei3mZ+HjMocAknhhg=="
    "resolved" "https://registry.npmjs.org/jsonc-parser/-/jsonc-parser-2.3.1.tgz"
    "version" "2.3.1"
  
  "jsonc-parser@^3.0.0":
    "integrity" "sha512-fQzRfAbIBnR0IQvftw9FJveWiHp72Fg20giDrHz6TdfB12UH/uue0D3hm57UB5KgAVuniLMCaS8P1IMj9NR7cA=="
    "resolved" "https://registry.npmjs.org/jsonc-parser/-/jsonc-parser-3.0.0.tgz"
    "version" "3.0.0"
  
  "jstransformer@1.0.0":
    "integrity" "sha1-7Yvwkh4vPx7U1cGkT2hwntJHIsM="
    "resolved" "https://registry.npmjs.org/jstransformer/-/jstransformer-1.0.0.tgz"
    "version" "1.0.0"
    dependencies:
      "is-promise" "^2.0.0"
      "promise" "^7.0.1"
  
  "klona@^2.0.4":
    "integrity" "sha512-pJiBpiXMbt7dkzXe8Ghj/u4FfXOOa98fPW+bihOJ4SjnoijweJrNThJfd3ifXpXhREjpoF2mZVH1GfS9LV3kHQ=="
    "resolved" "https://registry.npmjs.org/klona/-/klona-2.0.5.tgz"
    "version" "2.0.5"
  
  "loader-runner@^4.2.0":
    "integrity" "sha512-92+huvxMvYlMzMt0iIOukcwYBFpkYJdpl2xsZ7LrlayO7E8SOv+JJUEK17B/dJIHAOLMfh2dZZ/Y18WgmGtYNw=="
    "resolved" "https://registry.npmjs.org/loader-runner/-/loader-runner-4.2.0.tgz"
    "version" "4.2.0"
  
  "local-pkg@^0.4.0":
    "integrity" "sha512-2XBWjO/v63JeR1HPzLJxdTVRQDB84Av2p2KtBA5ahvpyLUPubcAU6iXlAJrONcY7aSqgJhXxElAnKtnYsRolPQ=="
    "resolved" "https://registry.npmjs.org/local-pkg/-/local-pkg-0.4.0.tgz"
    "version" "0.4.0"
    dependencies:
      "mlly" "^0.2.2"
  
  "lodash@^4.17.21":
    "integrity" "sha512-v2kDEe57lecTulaDIuNTPy3Ry4gLGJ6Z1O3vE1krgXZNrsQ+LFTGHVxVjcXPs17LhbZVGedAJv8XZ1tvj5FvSg=="
    "resolved" "https://registry.npmjs.org/lodash/-/lodash-4.17.21.tgz"
    "version" "4.17.21"
  
  "lru-cache@^6.0.0":
    "integrity" "sha512-Jo6dJ04CmSjuznwJSS3pUeWmd/H0ffTlkXXgwZi+eq1UCmqQwCh+eLsYOYCwY991i2Fah4h1BEMCx4qThGbsiA=="
    "resolved" "https://registry.npmjs.org/lru-cache/-/lru-cache-6.0.0.tgz"
    "version" "6.0.0"
    dependencies:
      "yallist" "^4.0.0"
  
  "magic-string@^0.25.7":
    "integrity" "sha512-4CrMT5DOHTDk4HYDlzmwu4FVCcIYI8gauveasrdCu2IKIFOJ3f0v/8MDGJCDL9oD2ppz/Av1b0Nj345H9M+XIA=="
    "resolved" "https://registry.npmjs.org/magic-string/-/magic-string-0.25.7.tgz"
    "version" "0.25.7"
    dependencies:
      "sourcemap-codec" "^1.4.4"
  
  "memoize-one@^6.0.0":
    "integrity" "sha512-rkpe71W0N0c0Xz6QD0eJETuWAJGnJ9afsl1srmwPrI+yBCkge5EycXXbYRyvL29zZVUWQCY7InPRCv3GDXuZNw=="
    "resolved" "https://registry.npmjs.org/memoize-one/-/memoize-one-6.0.0.tgz"
    "version" "6.0.0"
  
  "merge-stream@^2.0.0":
    "integrity" "sha512-abv/qOcuPfk3URPfDzmZU1LKmuw8kT+0nIHvKrKgFrwifol/doWcdA4ZqsWQ8ENrFKkd67Mfpo/LovbIUsbt3w=="
    "resolved" "https://registry.npmjs.org/merge-stream/-/merge-stream-2.0.0.tgz"
    "version" "2.0.0"
  
  "merge2@^1.3.0":
    "integrity" "sha512-8q7VEgMJW4J8tcfVPy8g09NcQwZdbwFEqhe/WZkoIzjn/3TGDwtOCYtXGxA3O8tPzpczCCDgv+P2P5y00ZJOOg=="
    "resolved" "https://registry.npmjs.org/merge2/-/merge2-1.4.1.tgz"
    "version" "1.4.1"
  
  "micromatch@^4.0.4":
    "integrity" "sha512-pRmzw/XUcwXGpD9aI9q/0XOwLNygjETJ8y0ao0wdqprrzDa4YnxLcz7fQRZr8voh8V10kGhABbNcHVk5wHgWwg=="
    "resolved" "https://registry.npmjs.org/micromatch/-/micromatch-4.0.4.tgz"
    "version" "4.0.4"
    dependencies:
      "braces" "^3.0.1"
      "picomatch" "^2.2.3"
  
  "mime-db@1.51.0":
    "integrity" "sha512-5y8A56jg7XVQx2mbv1lu49NR4dokRnhZYTtL+KGfaa27uq4pSTXkwQkFJl4pkRMyNFz/EtYDSkiiEHx3F7UN6g=="
    "resolved" "https://registry.npmjs.org/mime-db/-/mime-db-1.51.0.tgz"
    "version" "1.51.0"
  
  "mime-types@^2.1.27":
    "integrity" "sha512-6cP692WwGIs9XXdOO4++N+7qjqv0rqxxVvJ3VHPh/Sc9mVZcQP+ZGhkKiTvWMQRr2tbHkJP/Yn7Y0npb3ZBs4A=="
    "resolved" "https://registry.npmjs.org/mime-types/-/mime-types-2.1.34.tgz"
    "version" "2.1.34"
    dependencies:
      "mime-db" "1.51.0"
  
  "minimatch@^3.0.4":
    "integrity" "sha512-yJHVQEhyqPLUTgt9B83PXu6W3rx4MvvHvSUvToogpwoGDOUQ+yDrR0HRot+yOCdCO7u4hX3pWft6kWBBcqh0UA=="
    "resolved" "https://registry.npmjs.org/minimatch/-/minimatch-3.0.4.tgz"
    "version" "3.0.4"
    dependencies:
      "brace-expansion" "^1.1.7"
  
  "mlly@^0.2.2":
    "integrity" "sha512-xfyW6c2QBGArtctzNnTV5leOKX8nOMz2simeubtXofdsdSJFSNw+Ncvrs8kxcN3pBrQLXuYBHNFV6NgZ5Ryf4A=="
    "resolved" "https://registry.npmjs.org/mlly/-/mlly-0.2.10.tgz"
    "version" "0.2.10"
    dependencies:
      "import-meta-resolve" "^1.1.1"
  
  "ms@2.1.2":
    "integrity" "sha512-sGkPx+VjMtmA6MX27oA4FBFELFCZZ4S4XqeGOXCv68tT+jb3vk/RyaKWP0PTKyWtmLSM0b+adUTEvbs1PEaH2w=="
    "resolved" "https://registry.npmjs.org/ms/-/ms-2.1.2.tgz"
    "version" "2.1.2"
  
  "nanoid@^3.1.30":
    "integrity" "sha512-zJpuPDwOv8D2zq2WRoMe1HsfZthVewpel9CAvTfc/2mBD1uUT/agc5f7GHGWXlYkFvi1mVxe4IjvP2HNrop7nQ=="
    "resolved" "https://registry.npmjs.org/nanoid/-/nanoid-3.1.30.tgz"
    "version" "3.1.30"
  
  "neo-async@^2.6.2":
    "integrity" "sha512-Yd3UES5mWCSqR+qNT93S3UoYUkqAZ9lLg8a7g9rimsWmYGK8cVToA4/sF3RrshdyV3sAGMXVUmpMYOw+dLpOuw=="
    "resolved" "https://registry.npmjs.org/neo-async/-/neo-async-2.6.2.tgz"
    "version" "2.6.2"
  
  "node-releases@^2.0.1":
    "integrity" "sha512-CqyzN6z7Q6aMeF/ktcMVTzhAHCEpf8SOarwpzpf8pNBY2k5/oM34UHldUwp8VKI7uxct2HxSRdJjBaZeESzcxA=="
    "resolved" "https://registry.npmjs.org/node-releases/-/node-releases-2.0.1.tgz"
    "version" "2.0.1"
  
  "normalize-path@^3.0.0", "normalize-path@~3.0.0":
    "integrity" "sha512-6eZs5Ls3WtCisHWp9S2GUy8dqkpGi4BVSz3GaqiE6ezub0512ESztXUwUB6C6IKbQkY2Pnb/mD4WYojCRwcwLA=="
    "resolved" "https://registry.npmjs.org/normalize-path/-/normalize-path-3.0.0.tgz"
    "version" "3.0.0"
  
  "normalize-wheel-es@^1.1.1":
    "integrity" "sha512-157VNH4CngrcsvF8xOVOe22cwniIR3nxSltdctvQeHZj8JttEeOXffK28jucWfWBXs0QNetAumjc1GiInnwX4w=="
    "resolved" "https://registry.npmjs.org/normalize-wheel-es/-/normalize-wheel-es-1.1.1.tgz"
    "version" "1.1.1"
  
  "normalize.css@^8.0.1":
    "integrity" "sha512-qizSNPO93t1YUuUhP22btGOo3chcvDFqFaj2TRybP0DMxkHOCTYwp3n34fel4a31ORXy4m1Xq0Gyqpb5m33qIg=="
    "resolved" "https://registry.npmjs.org/normalize.css/-/normalize.css-8.0.1.tgz"
    "version" "8.0.1"
  
  "nprogress@^0.2.0":
    "integrity" "sha1-y480xTIT2JVyP8urkH6UIq28r7E="
    "resolved" "https://registry.npmjs.org/nprogress/-/nprogress-0.2.0.tgz"
    "version" "0.2.0"
  
  "object-assign@^4.1.1":
    "integrity" "sha1-IQmtx5ZYh8/AXLvUQsrIv7s2CGM="
    "resolved" "https://registry.npmjs.org/object-assign/-/object-assign-4.1.1.tgz"
    "version" "4.1.1"
  
  "path-parse@^1.0.6":
    "integrity" "sha512-LDJzPVEEEPR+y48z93A0Ed0yXb8pAByGWo/k5YYdYgpY2/2EsOsksJrq7lOHxryrVOn1ejG6oAp8ahvOIQD8sw=="
    "resolved" "https://registry.npmjs.org/path-parse/-/path-parse-1.0.7.tgz"
    "version" "1.0.7"
  
  "picocolors@^1.0.0":
    "integrity" "sha512-1fygroTLlHu66zi26VoTDv8yRgm0Fccecssto+MhsZ0D/DGW2sm8E8AjW7NU5VVTRt5GxbeZ5qBuJr+HyLYkjQ=="
    "resolved" "https://registry.npmjs.org/picocolors/-/picocolors-1.0.0.tgz"
    "version" "1.0.0"
  
  "picomatch@^2.0.4", "picomatch@^2.2.1", "picomatch@^2.2.2", "picomatch@^2.2.3":
    "integrity" "sha512-lY1Q/PiJGC2zOv/z391WOTD+Z02bCgsFfvxoXXf6h7kv9o+WmsmzYqrAwY63sNgOxE4xEdq0WyUnXfKeBrSvYw=="
    "resolved" "https://registry.npmjs.org/picomatch/-/picomatch-2.3.0.tgz"
    "version" "2.3.0"
  
  "pinia@^2.0.6":
    "integrity" "sha512-01mP4+KapIcTNSYLhQESy6GW0N8vY5wX3UqOwkC87e7DPjEusNJ8bENrKqdvZaRHbB2rDMOONeAbwMa3+n1/rw=="
    "resolved" "https://registry.npmjs.org/pinia/-/pinia-2.0.6.tgz"
    "version" "2.0.6"
    dependencies:
      "@vue/devtools-api" "^6.0.0-beta.20.1"
      "vue-demi" "*"
  
  "postcss@^8.1.10", "postcss@^8.3.8":
    "integrity" "sha512-joU6fBsN6EIer28Lj6GDFoC/5yOZzLCfn0zHAn/MYXI7aPt4m4hK5KC5ovEZXy+lnCjmYIbQWngvju2ddyEr8Q=="
    "resolved" "https://registry.npmjs.org/postcss/-/postcss-8.4.4.tgz"
    "version" "8.4.4"
    dependencies:
      "nanoid" "^3.1.30"
      "picocolors" "^1.0.0"
      "source-map-js" "^1.0.1"
  
  "promise@^7.0.1":
    "integrity" "sha512-nolQXZ/4L+bP/UGlkfaIujX9BKxGwmQ9OT4mOt5yvy8iK1h3wqTEJCijzGANTCCl9nWjY41juyAn2K3Q1hLLTg=="
    "resolved" "https://registry.npmjs.org/promise/-/promise-7.3.1.tgz"
    "version" "7.3.1"
    dependencies:
      "asap" "~2.0.3"
  
  "pug-attrs@^3.0.0":
    "integrity" "sha512-azINV9dUtzPMFQktvTXciNAfAuVh/L/JCl0vtPCwvOA21uZrC08K/UnmrL+SXGEVc1FwzjW62+xw5S/uaLj6cA=="
    "resolved" "https://registry.npmjs.org/pug-attrs/-/pug-attrs-3.0.0.tgz"
    "version" "3.0.0"
    dependencies:
      "constantinople" "^4.0.1"
      "js-stringify" "^1.0.2"
      "pug-runtime" "^3.0.0"
  
  "pug-code-gen@^3.0.2":
    "integrity" "sha512-nJMhW16MbiGRiyR4miDTQMRWDgKplnHyeLvioEJYbk1RsPI3FuA3saEP8uwnTb2nTJEKBU90NFVWJBk4OU5qyg=="
    "resolved" "https://registry.npmjs.org/pug-code-gen/-/pug-code-gen-3.0.2.tgz"
    "version" "3.0.2"
    dependencies:
      "constantinople" "^4.0.1"
      "doctypes" "^1.1.0"
      "js-stringify" "^1.0.2"
      "pug-attrs" "^3.0.0"
      "pug-error" "^2.0.0"
      "pug-runtime" "^3.0.0"
      "void-elements" "^3.1.0"
      "with" "^7.0.0"
  
  "pug-error@^2.0.0":
    "integrity" "sha512-sjiUsi9M4RAGHktC1drQfCr5C5eriu24Lfbt4s+7SykztEOwVZtbFk1RRq0tzLxcMxMYTBR+zMQaG07J/btayQ=="
    "resolved" "https://registry.npmjs.org/pug-error/-/pug-error-2.0.0.tgz"
    "version" "2.0.0"
  
  "pug-filters@^4.0.0":
    "integrity" "sha512-yeNFtq5Yxmfz0f9z2rMXGw/8/4i1cCFecw/Q7+D0V2DdtII5UvqE12VaZ2AY7ri6o5RNXiweGH79OCq+2RQU4A=="
    "resolved" "https://registry.npmjs.org/pug-filters/-/pug-filters-4.0.0.tgz"
    "version" "4.0.0"
    dependencies:
      "constantinople" "^4.0.1"
      "jstransformer" "1.0.0"
      "pug-error" "^2.0.0"
      "pug-walk" "^2.0.0"
      "resolve" "^1.15.1"
  
  "pug-lexer@^5.0.1":
    "integrity" "sha512-0I6C62+keXlZPZkOJeVam9aBLVP2EnbeDw3An+k0/QlqdwH6rv8284nko14Na7c0TtqtogfWXcRoFE4O4Ff20w=="
    "resolved" "https://registry.npmjs.org/pug-lexer/-/pug-lexer-5.0.1.tgz"
    "version" "5.0.1"
    dependencies:
      "character-parser" "^2.2.0"
      "is-expression" "^4.0.0"
      "pug-error" "^2.0.0"
  
  "pug-linker@^4.0.0":
    "integrity" "sha512-gjD1yzp0yxbQqnzBAdlhbgoJL5qIFJw78juN1NpTLt/mfPJ5VgC4BvkoD3G23qKzJtIIXBbcCt6FioLSFLOHdw=="
    "resolved" "https://registry.npmjs.org/pug-linker/-/pug-linker-4.0.0.tgz"
    "version" "4.0.0"
    dependencies:
      "pug-error" "^2.0.0"
      "pug-walk" "^2.0.0"
  
  "pug-load@^3.0.0":
    "integrity" "sha512-OCjTEnhLWZBvS4zni/WUMjH2YSUosnsmjGBB1An7CsKQarYSWQ0GCVyd4eQPMFJqZ8w9xgs01QdiZXKVjk92EQ=="
    "resolved" "https://registry.npmjs.org/pug-load/-/pug-load-3.0.0.tgz"
    "version" "3.0.0"
    dependencies:
      "object-assign" "^4.1.1"
      "pug-walk" "^2.0.0"
  
  "pug-parser@^6.0.0":
    "integrity" "sha512-ukiYM/9cH6Cml+AOl5kETtM9NR3WulyVP2y4HOU45DyMim1IeP/OOiyEWRr6qk5I5klpsBnbuHpwKmTx6WURnw=="
    "resolved" "https://registry.npmjs.org/pug-parser/-/pug-parser-6.0.0.tgz"
    "version" "6.0.0"
    dependencies:
      "pug-error" "^2.0.0"
      "token-stream" "1.0.0"
  
  "pug-runtime@^3.0.0", "pug-runtime@^3.0.1":
    "integrity" "sha512-L50zbvrQ35TkpHwv0G6aLSuueDRwc/97XdY8kL3tOT0FmhgG7UypU3VztfV/LATAvmUfYi4wNxSajhSAeNN+Kg=="
    "resolved" "https://registry.npmjs.org/pug-runtime/-/pug-runtime-3.0.1.tgz"
    "version" "3.0.1"
  
  "pug-strip-comments@^2.0.0":
    "integrity" "sha512-zo8DsDpH7eTkPHCXFeAk1xZXJbyoTfdPlNR0bK7rpOMuhBYb0f5qUVCO1xlsitYd3w5FQTK7zpNVKb3rZoUrrQ=="
    "resolved" "https://registry.npmjs.org/pug-strip-comments/-/pug-strip-comments-2.0.0.tgz"
    "version" "2.0.0"
    dependencies:
      "pug-error" "^2.0.0"
  
  "pug-walk@^2.0.0":
    "integrity" "sha512-yYELe9Q5q9IQhuvqsZNwA5hfPkMJ8u92bQLIMcsMxf/VADjNtEYptU+inlufAFYcWdHlwNfZOEnOOQrZrcyJCQ=="
    "resolved" "https://registry.npmjs.org/pug-walk/-/pug-walk-2.0.0.tgz"
    "version" "2.0.0"
  
  "pug@^3.0.2":
    "integrity" "sha512-bp0I/hiK1D1vChHh6EfDxtndHji55XP/ZJKwsRqrz6lRia6ZC2OZbdAymlxdVFwd1L70ebrVJw4/eZ79skrIaw=="
    "resolved" "https://registry.npmjs.org/pug/-/pug-3.0.2.tgz"
    "version" "3.0.2"
    dependencies:
      "pug-code-gen" "^3.0.2"
      "pug-filters" "^4.0.0"
      "pug-lexer" "^5.0.1"
      "pug-linker" "^4.0.0"
      "pug-load" "^3.0.0"
      "pug-parser" "^6.0.0"
      "pug-runtime" "^3.0.1"
      "pug-strip-comments" "^2.0.0"
  
  "punycode@^2.1.0":
    "integrity" "sha512-XRsRjdf+j5ml+y/6GKHPZbrF/8p2Yga0JPtdqTIY2Xe5ohJPD9saDJJLPvp9+NSBprVvevdXZybnj2cv8OEd0A=="
    "resolved" "https://registry.npmjs.org/punycode/-/punycode-2.1.1.tgz"
    "version" "2.1.1"
  
  "queue-microtask@^1.2.2":
    "integrity" "sha512-NuaNSa6flKT5JaSYQzJok04JzTL1CA6aGhv5rfLW3PgqA+M2ChpZQnAC8h8i4ZFkBS8X5RqkDBHA7r4hej3K9A=="
    "resolved" "https://registry.npmjs.org/queue-microtask/-/queue-microtask-1.2.3.tgz"
    "version" "1.2.3"
  
  "randombytes@^2.1.0":
    "integrity" "sha512-vYl3iOX+4CKUWuxGi9Ukhie6fsqXqS9FE2Zaic4tNFD2N2QQaXOMFbuKK4QmDHC0JO6B1Zp41J0LpT0oR68amQ=="
    "resolved" "https://registry.npmjs.org/randombytes/-/randombytes-2.1.0.tgz"
    "version" "2.1.0"
    dependencies:
      "safe-buffer" "^5.1.0"
  
  "readdirp@~3.6.0":
    "integrity" "sha512-hOS089on8RduqdbhvQ5Z37A0ESjsqz6qnRcffsMU3495FuTdqSm+7bhJ29JvIOsBDEEnan5DPu9t3To9VRlMzA=="
    "resolved" "https://registry.npmjs.org/readdirp/-/readdirp-3.6.0.tgz"
    "version" "3.6.0"
    dependencies:
      "picomatch" "^2.2.1"
  
  "request-light@^0.5.4":
    "integrity" "sha512-AvjfJuhyT6dYfhtIBF+IpTPQco+Td1QJ6PsIJ5xui110vQ5p9HxHk+m1XJqXazLQT6CxxSx9eNv6R/+fu4bZig=="
    "resolved" "https://registry.npmjs.org/request-light/-/request-light-0.5.5.tgz"
    "version" "0.5.5"
  
  "resolve@^1.15.1", "resolve@^1.20.0":
    "integrity" "sha512-wENBPt4ySzg4ybFQW2TT1zMQucPK95HSh/nq2CFTZVOGut2+pQvSsgtda4d26YrYcr067wjbmzOG8byDPBX63A=="
    "resolved" "https://registry.npmjs.org/resolve/-/resolve-1.20.0.tgz"
    "version" "1.20.0"
    dependencies:
      "is-core-module" "^2.2.0"
      "path-parse" "^1.0.6"
  
  "reusify@^1.0.4":
    "integrity" "sha512-U9nH88a3fc/ekCF1l0/UP1IosiuIjyTh7hBvXVMHYgVcfGvt897Xguj2UOLDeI5BG2m7/uwyaLVT6fbtCwTyzw=="
    "resolved" "https://registry.npmjs.org/reusify/-/reusify-1.0.4.tgz"
    "version" "1.0.4"
  
  "rollup@^2.50.0", "rollup@^2.57.0":
    "integrity" "sha512-1Bgjpq61sPjgoZzuiDSGvbI1tD91giZABgjCQBKM5aYLnzjq52GoDuWVwT/cm/MCxCMPU8gqQvkj8doQ5C8Oqw=="
    "resolved" "https://registry.npmjs.org/rollup/-/rollup-2.60.2.tgz"
    "version" "2.60.2"
    optionalDependencies:
      "fsevents" "~2.3.2"
  
  "run-parallel@^1.1.9":
    "integrity" "sha512-5l4VyZR86LZ/lDxZTR6jqL8AFE2S0IFLMP26AbjsLVADxHdhB/c0GUsH+y39UfCi3dzz8OlQuPmnaJOMoDHQBA=="
    "resolved" "https://registry.npmjs.org/run-parallel/-/run-parallel-1.2.0.tgz"
    "version" "1.2.0"
    dependencies:
      "queue-microtask" "^1.2.2"
  
  "safe-buffer@^5.1.0":
    "integrity" "sha512-rp3So07KcdmmKbGvgaNxQSJr7bGVSVk5S9Eq1F+ppbRo70+YeaDxkw5Dd8NPN+GD6bjnYm2VuPuCXmpuYvmCXQ=="
    "resolved" "https://registry.npmjs.org/safe-buffer/-/safe-buffer-5.2.1.tgz"
    "version" "5.2.1"
  
  "sass-loader@^12.3.0":
    "integrity" "sha512-6l9qwhdOb7qSrtOu96QQ81LVl8v6Dp9j1w3akOm0aWHyrTYtagDt5+kS32N4yq4hHk3M+rdqoRMH+lIdqvW6HA=="
    "resolved" "https://registry.npmjs.org/sass-loader/-/sass-loader-12.3.0.tgz"
    "version" "12.3.0"
    dependencies:
      "klona" "^2.0.4"
      "neo-async" "^2.6.2"
  
  "sass@*", "sass@^1.3.0", "sass@^1.44.0":
    "integrity" "sha512-0hLREbHFXGQqls/K8X+koeP+ogFRPF4ZqetVB19b7Cst9Er8cOR0rc6RU7MaI4W1JmUShd1BPgPoeqmmgMMYFw=="
    "resolved" "https://registry.npmjs.org/sass/-/sass-1.44.0.tgz"
    "version" "1.44.0"
    dependencies:
      "chokidar" ">=3.0.0 <4.0.0"
      "immutable" "^4.0.0"
  
  "schema-utils@^3.1.0", "schema-utils@^3.1.1":
    "integrity" "sha512-Y5PQxS4ITlC+EahLuXaY86TXfR7Dc5lw294alXOq86JAHCihAIZfqv8nNCWvaEJvaC51uN9hbLGeV0cFBdH+Fw=="
    "resolved" "https://registry.npmjs.org/schema-utils/-/schema-utils-3.1.1.tgz"
    "version" "3.1.1"
    dependencies:
      "@types/json-schema" "^7.0.8"
      "ajv" "^6.12.5"
      "ajv-keywords" "^3.5.2"
  
  "semver@^7.0.0", "semver@^7.3.5":
    "integrity" "sha512-PoeGJYh8HK4BTO/a9Tf6ZG3veo/A7ZVsYrSA6J8ny9nb3B1VrpkuN+z9OE5wfE5p6H4LchYZsegiQgbJD94ZFQ=="
    "resolved" "https://registry.npmjs.org/semver/-/semver-7.3.5.tgz"
    "version" "7.3.5"
    dependencies:
      "lru-cache" "^6.0.0"
  
  "serialize-javascript@^6.0.0":
    "integrity" "sha512-Qr3TosvguFt8ePWqsvRfrKyQXIiW+nGbYpy8XK24NQHE83caxWt+mIymTT19DGFbNWNLfEwsrkSmN64lVWB9ag=="
    "resolved" "https://registry.npmjs.org/serialize-javascript/-/serialize-javascript-6.0.0.tgz"
    "version" "6.0.0"
    dependencies:
      "randombytes" "^2.1.0"
  
  "source-map-js@^1.0.1":
    "integrity" "sha512-4+TN2b3tqOCd/kaGRJ/sTYA0tR0mdXx26ipdolxcwtJVqEnqNYvlCAt1q3ypy4QMlYus+Zh34RNtYLoq2oQ4IA=="
    "resolved" "https://registry.npmjs.org/source-map-js/-/source-map-js-1.0.1.tgz"
    "version" "1.0.1"
  
  "source-map-support@~0.5.20":
    "integrity" "sha512-uBHU3L3czsIyYXKX88fdrGovxdSCoTGDRZ6SYXtSRxLZUzHg5P/66Ht6uoUlHu9EZod+inXhKo3qQgwXUT/y1w=="
    "resolved" "https://registry.npmjs.org/source-map-support/-/source-map-support-0.5.21.tgz"
    "version" "0.5.21"
    dependencies:
      "buffer-from" "^1.0.0"
      "source-map" "^0.6.0"
  
  "source-map@^0.6.0", "source-map@^0.6.1":
    "integrity" "sha512-UjgapumWlbMhkBgzT7Ykc5YXUT46F0iKu8SGXq0bcwP5dz/h0Plj6enJqjz1Zbq2l5WaqYnrVbwWOWMyF3F47g=="
    "resolved" "https://registry.npmjs.org/source-map/-/source-map-0.6.1.tgz"
    "version" "0.6.1"
  
  "source-map@~0.7.2":
    "integrity" "sha512-CkCj6giN3S+n9qrYiBTX5gystlENnRW5jZeNLHpe6aue+SrHcG5VYwujhW9s4dY31mEGsxBDrHR6oI69fTXsaQ=="
    "resolved" "https://registry.npmjs.org/source-map/-/source-map-0.7.3.tgz"
    "version" "0.7.3"
  
  "sourcemap-codec@^1.4.4":
    "integrity" "sha512-9NykojV5Uih4lgo5So5dtw+f0JgJX30KCNI8gwhz2J9A15wD0Ml6tjHKwf6fTSa6fAdVBdZeNOs9eJ71qCk8vA=="
    "resolved" "https://registry.npmjs.org/sourcemap-codec/-/sourcemap-codec-1.4.8.tgz"
    "version" "1.4.8"
  
  "supports-color@^8.0.0":
    "integrity" "sha512-MpUEN2OodtUzxvKQl72cUF7RQ5EiHsGvSsVG0ia9c5RbWGL2CI4C7EpPS8UTBIplnlzZiNuV56w+FuNxy3ty2Q=="
    "resolved" "https://registry.npmjs.org/supports-color/-/supports-color-8.1.1.tgz"
    "version" "8.1.1"
    dependencies:
      "has-flag" "^4.0.0"
  
  "tapable@^2.1.1", "tapable@^2.2.0":
    "integrity" "sha512-GNzQvQTOIP6RyTfE2Qxb8ZVlNmw0n88vp1szwWRimP02mnTsx3Wtn5qRdqY9w2XduFNUgvOwhNnQsjwCp+kqaQ=="
    "resolved" "https://registry.npmjs.org/tapable/-/tapable-2.2.1.tgz"
    "version" "2.2.1"
  
  "terser-webpack-plugin@^5.1.3":
    "integrity" "sha512-3luOVHku5l0QBeYS8r4CdHYWEGMmIj3H1U64jgkdZzECcSOJAyJ9TjuqcQZvw1Y+4AOBN9SeYJPJmFn2cM4/2g=="
    "resolved" "https://registry.npmjs.org/terser-webpack-plugin/-/terser-webpack-plugin-5.2.5.tgz"
    "version" "5.2.5"
    dependencies:
      "jest-worker" "^27.0.6"
      "schema-utils" "^3.1.1"
      "serialize-javascript" "^6.0.0"
      "source-map" "^0.6.1"
      "terser" "^5.7.2"
  
  "terser@^5.7.2":
    "integrity" "sha512-AMmF99DMfEDiRJfxfY5jj5wNH/bYO09cniSqhfoyxc8sFoYIgkJy86G04UoZU5VjlpnplVu0K6Tx6E9b5+DlHA=="
    "resolved" "https://registry.npmjs.org/terser/-/terser-5.10.0.tgz"
    "version" "5.10.0"
    dependencies:
      "commander" "^2.20.0"
      "source-map" "~0.7.2"
      "source-map-support" "~0.5.20"
  
  "to-fast-properties@^2.0.0":
    "integrity" "sha1-3F5pjL0HkmW8c+A3doGk5Og/YW4="
    "resolved" "https://registry.npmjs.org/to-fast-properties/-/to-fast-properties-2.0.0.tgz"
    "version" "2.0.0"
  
  "to-regex-range@^5.0.1":
    "integrity" "sha512-65P7iz6X5yEr1cwcgvQxbbIw7Uk3gOy5dIdtZ4rDveLqhrdJP+Li/Hx6tyK0NEb+2GCyneCMJiGqrADCSNk8sQ=="
    "resolved" "https://registry.npmjs.org/to-regex-range/-/to-regex-range-5.0.1.tgz"
    "version" "5.0.1"
    dependencies:
      "is-number" "^7.0.0"
  
  "token-stream@1.0.0":
    "integrity" "sha1-zCAOqyYT9BZtJ/+a/HylbUnfbrQ="
    "resolved" "https://registry.npmjs.org/token-stream/-/token-stream-1.0.0.tgz"
    "version" "1.0.0"
  
  "typescript@*", "typescript@^4.4.3", "typescript@>=4.4.4":
    "integrity" "sha512-5BlMof9H1yGt0P8/WF+wPNw6GfctgGjXp5hkblpyT+8rkASSmkUKMXrxR0Xg8ThVCi/JnHQiKXeBaEwCeQwMFw=="
    "resolved" "https://registry.npmjs.org/typescript/-/typescript-4.5.2.tgz"
    "version" "4.5.2"
  
  "unplugin-auto-import@^0.5.1":
    "integrity" "sha512-Q3CvNbCB7nLbu+JdrF6jYs0Nx7kHmV2KzDcZHzTrdri3EhU1lUOgto+ce+Jw01Ds7RxBi9lwWwF3QoFwFPul1A=="
    "resolved" "https://registry.npmjs.org/unplugin-auto-import/-/unplugin-auto-import-0.5.1.tgz"
    "version" "0.5.1"
    dependencies:
      "@antfu/utils" "^0.3.0"
      "@rollup/pluginutils" "^4.1.1"
      "local-pkg" "^0.4.0"
      "magic-string" "^0.25.7"
      "resolve" "^1.20.0"
      "unplugin" "^0.2.21"
  
  "unplugin-vue-components@^0.17.6":
    "integrity" "sha512-Z2XvwKeY7/++MucRKzJihDsbdL8rFb71VfmuhtMtLE8zurjFu57XKFx0RNFUD5zD4g0HEyR9GGTwXu2YI0rang=="
    "resolved" "https://registry.npmjs.org/unplugin-vue-components/-/unplugin-vue-components-0.17.6.tgz"
    "version" "0.17.6"
    dependencies:
      "@antfu/utils" "^0.3.0"
      "@rollup/pluginutils" "^4.1.1"
      "chokidar" "^3.5.2"
      "debug" "^4.3.2"
      "fast-glob" "^3.2.7"
      "local-pkg" "^0.4.0"
      "magic-string" "^0.25.7"
      "minimatch" "^3.0.4"
      "resolve" "^1.20.0"
      "unplugin" "^0.2.21"
  
  "unplugin@^0.2.21":
    "integrity" "sha512-IJ15/L5XbhnV7J09Zjk0FT5HEkBjkXucWAXQWRsmEtUxmmxwh23yavrmDbCF6ZPxWiVB28+wnKIHePTRRpQPbQ=="
    "resolved" "https://registry.npmjs.org/unplugin/-/unplugin-0.2.21.tgz"
    "version" "0.2.21"
    dependencies:
      "webpack-virtual-modules" "^0.4.3"
  
  "upath@^2.0.1":
    "integrity" "sha512-1uEe95xksV1O0CYKXo8vQvN1JEbtJp7lb7C5U9HMsIp6IVwntkH/oNUzyVNQSd4S1sYk2FpSSW44FqMc8qee5w=="
    "resolved" "https://registry.npmjs.org/upath/-/upath-2.0.1.tgz"
    "version" "2.0.1"
  
  "uri-js@^4.2.2":
    "integrity" "sha512-7rKUyy33Q1yc98pQ1DAmLtwX109F7TIfWlW1Ydo8Wl1ii1SeHieeh0HHfPeL2fMXK6z0s8ecKs9frCuLJvndBg=="
    "resolved" "https://registry.npmjs.org/uri-js/-/uri-js-4.4.1.tgz"
    "version" "4.4.1"
    dependencies:
      "punycode" "^2.1.0"
  
  "vite@^2.3.0", "vite@^2.5.10", "vite@^2.6.4":
    "integrity" "sha512-2HA9xGyi+EhY2MXo0+A2dRsqsAG3eFNEVIo12olkWhOmc8LfiM+eMdrXf+Ruje9gdXgvSqjLI9freec1RUM5EA=="
    "resolved" "https://registry.npmjs.org/vite/-/vite-2.6.14.tgz"
    "version" "2.6.14"
    dependencies:
      "esbuild" "^0.13.2"
      "postcss" "^8.3.8"
      "resolve" "^1.20.0"
      "rollup" "^2.57.0"
    optionalDependencies:
      "fsevents" "~2.3.2"
  
  "void-elements@^3.1.0":
    "integrity" "sha1-YU9/v42AHwu18GYfWy9XhXUOTwk="
    "resolved" "https://registry.npmjs.org/void-elements/-/void-elements-3.1.0.tgz"
    "version" "3.1.0"
  
  "vscode-css-languageservice@^5.1.4":
    "integrity" "sha512-/tFOWeZBL3Oc9Zc+2MAi3rEwiXJTSZsvjB+M7nSjWLbGPUIjukUA7YzLgsBoUfR35sPJYnXWUkL56PdfIYM8GA=="
    "resolved" "https://registry.npmjs.org/vscode-css-languageservice/-/vscode-css-languageservice-5.1.9.tgz"
    "version" "5.1.9"
    dependencies:
      "vscode-languageserver-textdocument" "^1.0.1"
      "vscode-languageserver-types" "^3.16.0"
      "vscode-nls" "^5.0.0"
      "vscode-uri" "^3.0.2"
  
  "vscode-html-languageservice@^4.0.7":
    "integrity" "sha512-5ebk/5kMa7PrCPL3JuP27vo8h+coDgSkMP14pSlKz3ISXZxHm+nnCenhVrpy9Ayamtwb28YXeQuN8AqNQH8kVQ=="
    "resolved" "https://registry.npmjs.org/vscode-html-languageservice/-/vscode-html-languageservice-4.2.0.tgz"
    "version" "4.2.0"
    dependencies:
      "vscode-languageserver-textdocument" "^1.0.1"
      "vscode-languageserver-types" "^3.16.0"
      "vscode-nls" "^5.0.0"
      "vscode-uri" "^3.0.2"
  
  "vscode-json-languageservice@^4.1.7":
    "integrity" "sha512-IHliMEEYSY0tJjJt0ECb8ESx/nRXpoy9kN42WVQXgaqGyizFAf3jibSiezDQTrrY7f3kywXggCU+kkJEM+OLZQ=="
    "resolved" "https://registry.npmjs.org/vscode-json-languageservice/-/vscode-json-languageservice-4.1.10.tgz"
    "version" "4.1.10"
    dependencies:
      "jsonc-parser" "^3.0.0"
      "vscode-languageserver-textdocument" "^1.0.1"
      "vscode-languageserver-types" "^3.16.0"
      "vscode-nls" "^5.0.0"
      "vscode-uri" "^3.0.2"
  
  "vscode-jsonrpc@^8.0.0-next.2", "vscode-jsonrpc@8.0.0-next.4":
    "integrity" "sha512-i+wvza5Wd0YV/t9qhnS8I+dJdhJ1fHIhRW4f262rXXM9Mgts5VZhYrRZufGcai4y99RlbZvwaZhplQ6diRXkaA=="
    "resolved" "https://registry.npmjs.org/vscode-jsonrpc/-/vscode-jsonrpc-8.0.0-next.4.tgz"
    "version" "8.0.0-next.4"
  
  "vscode-languageserver-protocol@3.17.0-next.11":
    "integrity" "sha512-9FqHT7XvM6tWFsnLvRfuQA7Zh7wZZYAwA9dK85lYthA8M1aXpXEP9drXVvO/Fe03MUeJpKVf2e4/NvDaFUnttg=="
    "resolved" "https://registry.npmjs.org/vscode-languageserver-protocol/-/vscode-languageserver-protocol-3.17.0-next.11.tgz"
    "version" "3.17.0-next.11"
    dependencies:
      "vscode-jsonrpc" "8.0.0-next.4"
      "vscode-languageserver-types" "3.17.0-next.5"
  
  "vscode-languageserver-textdocument@^1.0.1":
    "integrity" "sha512-ynEGytvgTb6HVSUwPJIAZgiHQmPCx8bZ8w5um5Lz+q5DjP0Zj8wTFhQpyg8xaMvefDytw2+HH5yzqS+FhsR28A=="
    "resolved" "https://registry.npmjs.org/vscode-languageserver-textdocument/-/vscode-languageserver-textdocument-1.0.3.tgz"
    "version" "1.0.3"
  
  "vscode-languageserver-types@^3.15.1", "vscode-languageserver-types@^3.16.0":
    "integrity" "sha512-k8luDIWJWyenLc5ToFQQMaSrqCHiLwyKPHKPQZ5zz21vM+vIVUSvsRpcbiECH4WR88K2XZqc4ScRcZ7nk/jbeA=="
    "resolved" "https://registry.npmjs.org/vscode-languageserver-types/-/vscode-languageserver-types-3.16.0.tgz"
    "version" "3.16.0"
  
  "vscode-languageserver-types@3.17.0-next.5":
    "integrity" "sha512-Zcfaw8BznhlJWB09LDR0dscXyxn9+liREqJnPF4pigeUCHwKxYapYqizwuCpMHQ/oLYiAvKwU+f28hPleYu7pA=="
    "resolved" "https://registry.npmjs.org/vscode-languageserver-types/-/vscode-languageserver-types-3.17.0-next.5.tgz"
    "version" "3.17.0-next.5"
  
  "vscode-languageserver@^8.0.0-next.2":
    "integrity" "sha512-3E2W0eWtGKb6QAJqspOnD0thrBRRo8IGUMV5jpDNMcMKvmtkcxMwsBh0VxdvuWaZ51PiNyR4L+B+GUvkYsyFEg=="
    "resolved" "https://registry.npmjs.org/vscode-languageserver/-/vscode-languageserver-8.0.0-next.5.tgz"
    "version" "8.0.0-next.5"
    dependencies:
      "vscode-languageserver-protocol" "3.17.0-next.11"
  
  "vscode-nls@^5.0.0":
    "integrity" "sha512-u0Lw+IYlgbEJFF6/qAqG2d1jQmJl0eyAGJHoAJqr2HT4M2BNuQYSEiSE75f52pXHSJm8AlTjnLLbBFPrdz2hpA=="
    "resolved" "https://registry.npmjs.org/vscode-nls/-/vscode-nls-5.0.0.tgz"
    "version" "5.0.0"
  
  "vscode-pug-languageservice@^0.27.24":
    "integrity" "sha512-GSvsFB+rPhAD7cBlEKCVNNsFGIaOnp/0zyLw3WpYbXY24vJZafXu1kHvtYaaQXJRnIhqp5EI5p+EqpdI3hTBnw=="
    "resolved" "https://registry.npmjs.org/vscode-pug-languageservice/-/vscode-pug-languageservice-0.27.24.tgz"
    "version" "0.27.24"
    dependencies:
      "@volar/code-gen" "^0.27.24"
      "@volar/shared" "^0.27.24"
      "@volar/source-map" "^0.27.24"
      "@volar/transforms" "^0.27.24"
      "pug-lexer" "^5.0.1"
      "pug-parser" "^6.0.0"
      "vscode-languageserver" "^8.0.0-next.2"
  
  "vscode-typescript-languageservice@^0.27.25":
    "integrity" "sha512-nxpJI9MnF2rn5rKL/032Qrsq3T9DgM3slK5fwZp3suNdo90JG2zFTs3Ola8n62k7+KWu4A775obxyb4wLIW6Gw=="
    "resolved" "https://registry.npmjs.org/vscode-typescript-languageservice/-/vscode-typescript-languageservice-0.27.25.tgz"
    "version" "0.27.25"
    dependencies:
      "@volar/shared" "^0.27.24"
      "semver" "^7.3.5"
      "upath" "^2.0.1"
      "vscode-languageserver" "^8.0.0-next.2"
      "vscode-languageserver-textdocument" "^1.0.1"
  
  "vscode-uri@^2.1.2":
    "integrity" "sha512-8TEXQxlldWAuIODdukIb+TR5s+9Ds40eSJrw+1iDDA9IFORPjMELarNQE3myz5XIkWWpdprmJjm1/SxMlWOC8A=="
    "resolved" "https://registry.npmjs.org/vscode-uri/-/vscode-uri-2.1.2.tgz"
    "version" "2.1.2"
  
  "vscode-uri@^3.0.2":
    "integrity" "sha512-jkjy6pjU1fxUvI51P+gCsxg1u2n8LSt0W6KrCNQceaziKzff74GoWmjVG46KieVzybO1sttPQmYfrwSHey7GUA=="
    "resolved" "https://registry.npmjs.org/vscode-uri/-/vscode-uri-3.0.2.tgz"
    "version" "3.0.2"
  
  "vscode-vue-languageservice@^0.27.0":
    "integrity" "sha512-nPnUNCMqqHfxcCPLyLWvmgbNCgos3SwvPcl/CzAnMbqcjLtNZppsdI7bKX3EEj0Jbg6SGLQ9NanIvZaMI1bsUA=="
    "resolved" "https://registry.npmjs.org/vscode-vue-languageservice/-/vscode-vue-languageservice-0.27.30.tgz"
    "version" "0.27.30"
    dependencies:
      "@volar/code-gen" "^0.27.24"
      "@volar/html2pug" "^0.27.13"
      "@volar/shared" "^0.27.24"
      "@volar/source-map" "^0.27.24"
      "@volar/transforms" "^0.27.24"
      "@vscode/emmet-helper" "^2.7.0"
      "@vue/compiler-dom" "^3.2.19"
      "@vue/reactivity" "^3.2.19"
      "@vue/shared" "^3.2.19"
      "request-light" "^0.5.4"
      "upath" "^2.0.1"
      "vscode-css-languageservice" "^5.1.4"
      "vscode-html-languageservice" "^4.0.7"
      "vscode-json-languageservice" "^4.1.7"
      "vscode-languageserver" "^8.0.0-next.2"
      "vscode-languageserver-textdocument" "^1.0.1"
      "vscode-pug-languageservice" "^0.27.24"
      "vscode-typescript-languageservice" "^0.27.25"
  
  "vue-demi@*":
    "integrity" "sha512-QL3ny+wX8c6Xm1/EZylbgzdoDolye+VpCXRhI2hug9dJTP3OUJ3lmiKN3CsVV3mOJKwFi0nsstbgob0vG7aoIw=="
    "resolved" "https://registry.npmjs.org/vue-demi/-/vue-demi-0.12.1.tgz"
    "version" "0.12.1"
  
  "vue-router@^4.0.12":
    "integrity" "sha512-CPXvfqe+mZLB1kBWssssTiWg4EQERyqJZes7USiqfW9B5N2x+nHlnsM1D3b5CaJ6qgCvMmYJnz+G0iWjNCvXrg=="
    "resolved" "https://registry.npmjs.org/vue-router/-/vue-router-4.0.12.tgz"
    "version" "4.0.12"
    dependencies:
      "@vue/devtools-api" "^6.0.0-beta.18"
  
  "vue-tsc@^0.3.0":
    "integrity" "sha512-zaDRZBxwRIz1XjhNP92FqugG71st6BUMnA2EwPeXrAyzbEYVRz6TezNFceYl3QYqqN8CtaxbqUhaQEDj/ntoCA=="
    "resolved" "https://registry.npmjs.org/vue-tsc/-/vue-tsc-0.3.0.tgz"
    "version" "0.3.0"
    dependencies:
      "vscode-vue-languageservice" "^0.27.0"
  
  "vue@^2.6.0 || ^3.2.0", "vue@^2.6.14 || ^3.2.0", "vue@^3.0.0", "vue@^3.0.0-0 || ^2.6.0", "vue@^3.2.0", "vue@^3.2.16", "vue@2 || 3", "vue@3.2.23":
    "integrity" "sha512-MGp9JZC37lzGhwSu6c1tQxrQbXbw7XKFqtYh7SFwNrNK899FPxGAHwSHMZijMChTSC3uZrD2BGO/3EHOgMJ0cw=="
    "resolved" "https://registry.npmjs.org/vue/-/vue-3.2.23.tgz"
    "version" "3.2.23"
    dependencies:
      "@vue/compiler-dom" "3.2.23"
      "@vue/compiler-sfc" "3.2.23"
      "@vue/runtime-dom" "3.2.23"
      "@vue/server-renderer" "3.2.23"
      "@vue/shared" "3.2.23"
  
  "watchpack@^2.3.1":
    "integrity" "sha512-x0t0JuydIo8qCNctdDrn1OzH/qDzk2+rdCOC3YzumZ42fiMqmQ7T3xQurykYMhYfHaPHTp4ZxAx2NfUo1K6QaA=="
    "resolved" "https://registry.npmjs.org/watchpack/-/watchpack-2.3.1.tgz"
    "version" "2.3.1"
    dependencies:
      "glob-to-regexp" "^0.4.1"
      "graceful-fs" "^4.1.2"
  
  "webpack-sources@^3.2.2":
    "integrity" "sha512-cp5qdmHnu5T8wRg2G3vZZHoJPN14aqQ89SyQ11NpGH5zEMDCclt49rzo+MaRazk7/UeILhAI+/sEtcM+7Fr0nw=="
    "resolved" "https://registry.npmjs.org/webpack-sources/-/webpack-sources-3.2.2.tgz"
    "version" "3.2.2"
  
  "webpack-virtual-modules@^0.4.3":
    "integrity" "sha512-5NUqC2JquIL2pBAAo/VfBP6KuGkHIZQXW/lNKupLPfhViwh8wNsu0BObtl09yuKZszeEUfbXz8xhrHvSG16Nqw=="
    "resolved" "https://registry.npmjs.org/webpack-virtual-modules/-/webpack-virtual-modules-0.4.3.tgz"
    "version" "0.4.3"
  
  "webpack@^5.0.0", "webpack@^5.1.0", "webpack@4 || 5":
    "integrity" "sha512-Q5or2o6EKs7+oKmJo7LaqZaMOlDWQse9Tm5l1WAfU/ujLGN5Pb0SqGeVkN/4bpPmEqEP5RnVhiqsOtWtUVwGRw=="
    "resolved" "https://registry.npmjs.org/webpack/-/webpack-5.65.0.tgz"
    "version" "5.65.0"
    dependencies:
      "@types/eslint-scope" "^3.7.0"
      "@types/estree" "^0.0.50"
      "@webassemblyjs/ast" "1.11.1"
      "@webassemblyjs/wasm-edit" "1.11.1"
      "@webassemblyjs/wasm-parser" "1.11.1"
      "acorn" "^8.4.1"
      "acorn-import-assertions" "^1.7.6"
      "browserslist" "^4.14.5"
      "chrome-trace-event" "^1.0.2"
      "enhanced-resolve" "^5.8.3"
      "es-module-lexer" "^0.9.0"
      "eslint-scope" "5.1.1"
      "events" "^3.2.0"
      "glob-to-regexp" "^0.4.1"
      "graceful-fs" "^4.2.4"
      "json-parse-better-errors" "^1.0.2"
      "loader-runner" "^4.2.0"
      "mime-types" "^2.1.27"
      "neo-async" "^2.6.2"
      "schema-utils" "^3.1.0"
      "tapable" "^2.1.1"
      "terser-webpack-plugin" "^5.1.3"
      "watchpack" "^2.3.1"
      "webpack-sources" "^3.2.2"
  
  "with@^7.0.0":
    "integrity" "sha512-RNGKj82nUPg3g5ygxkQl0R937xLyho1J24ItRCBTr/m1YnZkzJy1hUiHUJrc/VlsDQzsCnInEGSg3bci0Lmd4w=="
    "resolved" "https://registry.npmjs.org/with/-/with-7.0.2.tgz"
    "version" "7.0.2"
    dependencies:
      "@babel/parser" "^7.9.6"
      "@babel/types" "^7.9.6"
      "assert-never" "^1.2.1"
      "babel-walk" "3.0.0-canary-5"
  
  "yallist@^4.0.0":
    "integrity" "sha512-3wdGidZyq5PB084XLES5TpOSRA3wjXAlIWMhum2kRcv/41Sn2emQ0dycQW4uZXLejwKvg6EsvbdlVL+FYEct7A=="
    "resolved" "https://registry.npmjs.org/yallist/-/yallist-4.0.0.tgz"
    "version" "4.0.0"
